======== Load Data ========
(20000, 64, 64, 3)
======== Train Data ========
|Epoch:    1 |Variable containing:
(0 ,0 ,.,.) = 
  0.5000  0.5000  0.5000  ...   0.5000  0.5000  0.5000
  0.5000  0.5000  0.5000  ...   0.5000  0.5000  0.5000
  0.5000  0.5000  0.5000  ...   0.5000  0.5000  0.5000
           ...             ⋱             ...          
  0.5000  0.5000  0.5000  ...   0.5000  0.5000  0.5000
  0.5000  0.5000  0.5000  ...   0.5000  0.5000  0.5000
  0.5000  0.5000  0.5000  ...   0.5000  0.5000  0.5000

(0 ,1 ,.,.) = 
  0.5000  0.5000  0.5000  ...   0.5000  0.5000  0.5000
  0.5000  0.5000  0.5000  ...   0.5000  0.5000  0.5000
  0.5000  0.5000  0.5000  ...   0.5000  0.5000  0.5000
           ...             ⋱             ...          
  0.5000  0.5000  0.5000  ...   0.5000  0.5055  0.5000
  0.5000  0.5000  0.5000  ...   0.5000  0.5000  0.5000
  0.5000  0.5000  0.5000  ...   0.5000  0.5000  0.5000

(0 ,2 ,.,.) = 
  0.5000  0.5000  0.5000  ...   0.5000  0.5000  0.5000
  0.5000  0.5000  0.5000  ...   0.5000  0.5000  0.5000
  0.5000  0.5000  0.5000  ...   0.5000  0.5000  0.5000
           ...             ⋱             ...          
  0.5000  0.5000  0.5000  ...   0.5000  0.5000  0.5000
  0.5000  0.5000  0.5000  ...   0.5000  0.5000  0.5000
  0.5000  0.5000  0.5000  ...   0.5000  0.5000  0.5000
     ⋮ 

(1 ,0 ,.,.) = 
  0.5000  0.5000  0.5000  ...   0.5000  0.5000  0.5000
  0.5000  0.5000  0.5000  ...   0.5000  0.5000  0.5000
  0.5000  0.5000  0.5000  ...   0.5000  0.5000  0.5000
           ...             ⋱             ...          
  0.5000  0.5000  0.5000  ...   0.5000  0.5000  0.5000
  0.5000  0.5000  0.5125  ...   0.5000  0.5000  0.5000
  0.5000  0.5000  0.5000  ...   0.5000  0.5000  0.5000

(1 ,1 ,.,.) = 
  0.5000  0.5000  0.5000  ...   0.5000  0.5000  0.5000
  0.5000  0.5000  0.5000  ...   0.5000  0.5000  0.5000
  0.5000  0.5000  0.5000  ...   0.5000  0.5000  0.5000
           ...             ⋱             ...          
  0.5000  0.5000  0.5000  ...   0.5000  0.5230  0.5000
  0.5000  0.5000  0.5000  ...   0.5000  0.5000  0.5000
  0.5000  0.5000  0.5000  ...   0.5000  0.5000  0.5000

(1 ,2 ,.,.) = 
  0.5000  0.5000  0.5000  ...   0.5000  0.5000  0.5000
  0.5000  0.5198  0.5000  ...   0.5000  0.5000  0.5000
  0.5000  0.5000  0.5000  ...   0.5000  0.5000  0.5000
           ...             ⋱             ...          
  0.5000  0.5000  0.5000  ...   0.5000  0.5000  0.5000
  0.5000  0.5000  0.5000  ...   0.5000  0.5000  0.5000
  0.5000  0.5000  0.5000  ...   0.5000  0.5000  0.5000
     ⋮ 

(2 ,0 ,.,.) = 
  0.5000  0.5000  0.5000  ...   0.5000  0.5000  0.5000
  0.5000  0.5000  0.5000  ...   0.5000  0.5000  0.5000
  0.5000  0.5000  0.5000  ...   0.5000  0.5000  0.5000
           ...             ⋱             ...          
  0.5000  0.5000  0.5000  ...   0.5000  0.5000  0.5000
  0.5000  0.5000  0.5000  ...   0.5000  0.5000  0.5000
  0.5000  0.5000  0.5000  ...   0.5000  0.5000  0.5000

(2 ,1 ,.,.) = 
  0.5000  0.5000  0.5000  ...   0.5000  0.5000  0.5000
  0.5000  0.5000  0.5000  ...   0.5000  0.5000  0.5000
  0.5000  0.5000  0.5000  ...   0.5000  0.5000  0.5000
           ...             ⋱             ...          
  0.5000  0.5000  0.5000  ...   0.5000  0.5000  0.5000
  0.5000  0.5000  0.5000  ...   0.5000  0.5000  0.5000
  0.5000  0.5000  0.5000  ...   0.5000  0.5000  0.5000

(2 ,2 ,.,.) = 
  0.5000  0.5000  0.5000  ...   0.5000  0.5000  0.5000
  0.5000  0.5000  0.5000  ...   0.5000  0.5000  0.5000
  0.5000  0.5000  0.5000  ...   0.5000  0.5000  0.5000
           ...             ⋱             ...          
  0.5000  0.5000  0.5000  ...   0.5000  0.5000  0.5000
  0.5000  0.5000  0.5000  ...   0.5000  0.5000  0.5000
  0.5000  0.5000  0.5000  ...   0.5000  0.5000  0.5000
[torch.cuda.FloatTensor of size 3x3x64x64 (GPU 0)]

|Loss: 0.06363467127084732
./hw4_data/train/00000.png
[[[127.5     127.5     127.5    ]
  [127.5     127.5     127.5    ]
  [127.5     127.5     127.5    ]
  ...
  [127.5     127.5     127.5    ]
  [127.5     127.5     127.5    ]
  [127.5     128.29971 127.5    ]]

 [[127.5     127.5     127.5    ]
  [127.88899 127.5     127.5    ]
  [127.5     127.5     127.5    ]
  ...
  [127.5     127.5     133.45728]
  [127.5     127.5     130.30571]
  [127.5     132.0422  127.5    ]]

 [[127.5     127.5     127.5    ]
  [127.5     129.7817  127.5    ]
  [127.5     130.73347 127.5    ]
  ...
  [127.5     132.28827 127.5    ]
  [127.5     127.5     127.5    ]
  [128.37251 127.5     129.38731]]

 ...

 [[129.19429 127.5     128.42339]
  [127.5     127.5     128.2272 ]
  [127.5     127.5     127.5    ]
  ...
  [128.28166 127.5     127.5    ]
  [127.5     127.5     127.5    ]
  [127.5     127.5     127.5    ]]

 [[127.5     127.5     127.5    ]
  [129.46144 127.5     128.67122]
  [127.5     128.35616 127.5    ]
  ...
  [127.5     127.5     127.9946 ]
  [127.5     127.5     128.35797]
  [127.5     127.5     127.5    ]]

 [[130.72237 129.79698 127.5    ]
  [127.5     129.57344 131.04938]
  [127.5     127.5     127.5    ]
  ...
  [127.5     127.5     127.5    ]
  [128.26497 127.5     127.5    ]
  [127.5     127.72569 128.95888]]]
|Output 00000.png is saved.
./hw4_data/train/00001.png
[[[127.5      127.5      127.5     ]
  [127.5      127.5      127.5     ]
  [127.5      127.5      127.5     ]
  ...
  [127.5      127.5      127.5     ]
  [127.5      127.5      127.5     ]
  [127.5      128.29971  127.5     ]]

 [[127.5      127.5      127.5     ]
  [127.88855  127.5      127.5     ]
  [127.5      127.5      127.5     ]
  ...
  [127.5      127.5      133.45644 ]
  [127.5      127.5      130.30563 ]
  [127.5      132.04132  127.5     ]]

 [[127.5      127.5      127.5     ]
  [127.5      129.78119  127.5     ]
  [127.5      130.73264  127.5     ]
  ...
  [127.5      132.28749  127.5     ]
  [127.5      127.5      127.5     ]
  [128.37196  127.5      129.38698 ]]

 ...

 [[129.19412  127.5      128.42287 ]
  [127.5      127.5      128.22694 ]
  [127.5      127.5      127.5     ]
  ...
  [128.28185  127.5      127.5     ]
  [127.5      127.5      127.5     ]
  [127.5      127.5      127.5     ]]

 [[127.5      127.5      127.5     ]
  [129.46107  127.5      128.67134 ]
  [127.5      128.3563   127.5     ]
  ...
  [127.5      127.5      127.994064]
  [127.5      127.5      128.35793 ]
  [127.5      127.5      127.5     ]]

 [[130.72151  129.79622  127.5     ]
  [127.5      129.57239  131.0488  ]
  [127.5      127.5      127.5     ]
  ...
  [127.5      127.5      127.5     ]
  [128.26468  127.5      127.5     ]
  [127.5      127.725784 128.95857 ]]]
|Output 00001.png is saved.
./hw4_data/train/00002.png
[[[127.5      127.5      127.5     ]
  [127.5      127.5      127.5     ]
  [127.5      127.5      127.5     ]
  ...
  [127.5      127.5      127.5     ]
  [127.5      127.5      127.5     ]
  [127.5      128.2997   127.5     ]]

 [[127.5      127.5      127.5     ]
  [127.88861  127.5      127.5     ]
  [127.5      127.5      127.5     ]
  ...
  [127.5      127.5      133.45647 ]
  [127.5      127.5      130.30565 ]
  [127.5      132.04124  127.5     ]]

 [[127.5      127.5      127.5     ]
  [127.5      129.78117  127.5     ]
  [127.5      130.73271  127.5     ]
  ...
  [127.5      132.2875   127.5     ]
  [127.5      127.5      127.5     ]
  [128.37193  127.5      129.38698 ]]

 ...

 [[129.19403  127.5      128.42288 ]
  [127.5      127.5      128.22704 ]
  [127.5      127.5      127.5     ]
  ...
  [128.28181  127.5      127.5     ]
  [127.5      127.5      127.5     ]
  [127.5      127.5      127.5     ]]

 [[127.5      127.5      127.5     ]
  [129.46106  127.5      128.67136 ]
  [127.5      128.3563   127.5     ]
  ...
  [127.5      127.5      127.99403 ]
  [127.5      127.5      128.35799 ]
  [127.5      127.5      127.5     ]]

 [[130.72145  129.79625  127.5     ]
  [127.5      129.57237  131.04886 ]
  [127.5      127.5      127.5     ]
  ...
  [127.5      127.5      127.5     ]
  [128.26462  127.5      127.5     ]
  [127.5      127.725815 128.95856 ]]]
|Output 00002.png is saved.
|Epoch:    2 |Variable containing:
(0 ,0 ,.,.) = 
  0.5000  0.5000  0.5000  ...   0.5000  0.5000  0.5000
  0.5000  0.5000  0.5000  ...   0.5000  0.5000  0.5000
  0.5000  0.5000  0.5000  ...   0.5000  0.5000  0.5000
           ...             ⋱             ...          
  0.5000  0.5000  0.5000  ...   0.5000  0.5000  0.5000
  0.5000  0.5000  0.5000  ...   0.5000  0.5000  0.5000
  0.5000  0.5000  0.5000  ...   0.5000  0.5000  0.5000

(0 ,1 ,.,.) = 
  0.5000  0.5000  0.5000  ...   0.5000  0.5000  0.5000
  0.5000  0.5000  0.5000  ...   0.5000  0.5000  0.5000
  0.5000  0.5000  0.5000  ...   0.5000  0.5000  0.5000
           ...             ⋱             ...          
  0.5000  0.5000  0.5000  ...   0.5000  0.5000  0.5000
  0.5000  0.5000  0.5000  ...   0.5000  0.5000  0.5000
  0.5000  0.5000  0.5000  ...   0.5000  0.5000  0.5000

(0 ,2 ,.,.) = 
  0.5000  0.5000  0.5000  ...   0.5000  0.5000  0.5000
  0.5000  0.5000  0.5000  ...   0.5000  0.5000  0.5000
  0.5000  0.5000  0.5000  ...   0.5000  0.5000  0.5000
           ...             ⋱             ...          
  0.5000  0.5000  0.5000  ...   0.5000  0.5000  0.5000
  0.5000  0.5000  0.5000  ...   0.5000  0.5000  0.5000
  0.5000  0.5000  0.5000  ...   0.5000  0.5000  0.5000
     ⋮ 

(1 ,0 ,.,.) = 
  0.5000  0.5000  0.5000  ...   0.5000  0.5000  0.5000
  0.5000  0.5000  0.5000  ...   0.5000  0.5000  0.5000
  0.5316  0.5000  0.5000  ...   0.5000  0.5000  0.5000
           ...             ⋱             ...          
  0.5000  0.5000  0.5000  ...   0.5000  0.5484  0.5000
  0.5000  0.5000  0.5000  ...   0.5000  0.5000  0.5000
  0.5000  0.5000  0.5000  ...   0.5000  0.5000  0.5000

(1 ,1 ,.,.) = 
  0.5000  0.5000  0.5000  ...   0.5000  0.5000  0.5000
  0.5000  0.5000  0.5000  ...   0.5000  0.5000  0.5000
  0.5000  0.5000  0.5000  ...   0.5000  0.5000  0.5000
           ...             ⋱             ...          
  0.5000  0.5000  0.5000  ...   0.5000  0.5000  0.5000
  0.5000  0.5000  0.5000  ...   0.5000  0.5000  0.5000
  0.5000  0.5000  0.5000  ...   0.5000  0.5000  0.5000

(1 ,2 ,.,.) = 
  0.5000  0.5000  0.5000  ...   0.5000  0.5000  0.5000
  0.5000  0.5000  0.5000  ...   0.5000  0.5000  0.5000
  0.5000  0.5000  0.5000  ...   0.5000  0.5000  0.5000
           ...             ⋱             ...          
  0.5000  0.5000  0.5000  ...   0.5000  0.5000  0.5000
  0.5000  0.5000  0.5000  ...   0.5000  0.5000  0.5000
  0.5000  0.5000  0.5000  ...   0.5000  0.5000  0.5000
     ⋮ 

(2 ,0 ,.,.) = 
  0.5000  0.5000  0.5000  ...   0.5000  0.5000  0.5000
  0.5000  0.5000  0.5000  ...   0.5000  0.5000  0.5000
  0.5000  0.5000  0.5000  ...   0.5000  0.5000  0.5000
           ...             ⋱             ...          
  0.5000  0.5000  0.5000  ...   0.5000  0.5000  0.5000
  0.5000  0.5000  0.5000  ...   0.5000  0.5000  0.5000
  0.5000  0.5000  0.5000  ...   0.5000  0.5000  0.5000

(2 ,1 ,.,.) = 
  0.5000  0.5000  0.5000  ...   0.5000  0.5000  0.5000
  0.5000  0.5000  0.5000  ...   0.5000  0.5000  0.5000
  0.5000  0.5000  0.5000  ...   0.5000  0.5000  0.5000
           ...             ⋱             ...          
  0.5000  0.5000  0.5000  ...   0.5000  0.5000  0.5000
  0.5000  0.5000  0.5000  ...   0.5000  0.5000  0.5000
  0.5000  0.5000  0.5000  ...   0.5000  0.5000  0.5000

(2 ,2 ,.,.) = 
  0.5000  0.5000  0.5000  ...   0.5000  0.5000  0.5000
  0.5000  0.5000  0.5000  ...   0.5000  0.5000  0.5000
  0.5000  0.5000  0.5000  ...   0.5000  0.5000  0.5000
           ...             ⋱             ...          
  0.5000  0.5000  0.5000  ...   0.5000  0.5000  0.5000
  0.5000  0.5000  0.5000  ...   0.5000  0.5000  0.5000
  0.5000  0.5000  0.5000  ...   0.5000  0.5000  0.5000
[torch.cuda.FloatTensor of size 3x3x64x64 (GPU 0)]

|Loss: 0.06389983743429184
./hw4_data/train/00000.png
[[[127.5     127.5     127.5    ]
  [127.5     127.5     127.5    ]
  [127.5     127.5     127.5    ]
  ...
  [127.5     127.5     127.5    ]
  [127.5     127.5     127.5    ]
  [127.5     127.5     127.5    ]]

 [[127.5     127.5     127.5    ]
  [127.5     127.5     127.5    ]
  [127.5     127.5     127.5    ]
  ...
  [127.5     127.5     133.2532 ]
  [127.5     127.5     127.5    ]
  [127.5     128.21208 127.5    ]]

 [[127.5     127.5     127.5    ]
  [127.5     127.5     127.5    ]
  [127.5     127.5     127.5    ]
  ...
  [127.5     127.86952 127.5    ]
  [127.5     127.5     127.5    ]
  [127.5     127.5     127.5    ]]

 ...

 [[127.5     127.5     127.5    ]
  [127.5     127.5     127.5    ]
  [127.5     127.5     127.5    ]
  ...
  [127.5     127.5     127.5    ]
  [127.5     127.5     127.5    ]
  [127.5     127.5     127.5    ]]

 [[127.5     127.5     127.5    ]
  [127.5     127.5     127.5    ]
  [127.5     127.5     127.5    ]
  ...
  [127.5     127.5     127.5    ]
  [127.5     127.5     127.5    ]
  [127.5     127.5     127.5    ]]

 [[130.24367 127.5     127.5    ]
  [127.5     127.5     127.5    ]
  [127.5     127.5     127.5    ]
  ...
  [127.5     127.5     127.5    ]
  [127.5     127.5     127.5    ]
  [127.5     127.5     127.5    ]]]
|Output 00000.png is saved.
./hw4_data/train/00001.png
[[[127.5      127.5      127.5     ]
  [127.5      127.5      127.5     ]
  [127.5      127.5      127.5     ]
  ...
  [127.5      127.5      127.5     ]
  [127.5      127.5      127.5     ]
  [127.5      127.5      127.5     ]]

 [[127.5      127.5      127.5     ]
  [127.5      127.5      127.5     ]
  [127.5      127.5      127.5     ]
  ...
  [127.5      127.5      133.25253 ]
  [127.5      127.5      127.5     ]
  [127.5      128.212    127.5     ]]

 [[127.5      127.5      127.5     ]
  [127.5      127.5      127.5     ]
  [127.5      127.5      127.5     ]
  ...
  [127.5      127.869644 127.5     ]
  [127.5      127.5      127.5     ]
  [127.5      127.5      127.5     ]]

 ...

 [[127.5      127.5      127.5     ]
  [127.5      127.5      127.5     ]
  [127.5      127.5      127.5     ]
  ...
  [127.5      127.5      127.5     ]
  [127.5      127.5      127.5     ]
  [127.5      127.5      127.5     ]]

 [[127.5      127.5      127.5     ]
  [127.5      127.5      127.5     ]
  [127.5      127.5      127.5     ]
  ...
  [127.5      127.5      127.5     ]
  [127.5      127.5      127.5     ]
  [127.5      127.5      127.5     ]]

 [[130.24298  127.5      127.5     ]
  [127.5      127.5      127.5     ]
  [127.5      127.5      127.5     ]
  ...
  [127.5      127.5      127.5     ]
  [127.5      127.5      127.5     ]
  [127.5      127.5      127.5     ]]]
|Output 00001.png is saved.
./hw4_data/train/00002.png
[[[127.5      127.5      127.5     ]
  [127.5      127.5      127.5     ]
  [127.5      127.5      127.5     ]
  ...
  [127.5      127.5      127.5     ]
  [127.5      127.5      127.5     ]
  [127.5      127.5      127.5     ]]

 [[127.5      127.5      127.5     ]
  [127.5      127.5      127.5     ]
  [127.5      127.5      127.5     ]
  ...
  [127.5      127.5      133.25243 ]
  [127.5      127.5      127.5     ]
  [127.5      128.21199  127.5     ]]

 [[127.5      127.5      127.5     ]
  [127.5      127.5      127.5     ]
  [127.5      127.5      127.5     ]
  ...
  [127.5      127.869675 127.5     ]
  [127.5      127.5      127.5     ]
  [127.5      127.5      127.5     ]]

 ...

 [[127.5      127.5      127.5     ]
  [127.5      127.5      127.5     ]
  [127.5      127.5      127.5     ]
  ...
  [127.5      127.5      127.5     ]
  [127.5      127.5      127.5     ]
  [127.5      127.5      127.5     ]]

 [[127.5      127.5      127.5     ]
  [127.5      127.5      127.5     ]
  [127.5      127.5      127.5     ]
  ...
  [127.5      127.5      127.5     ]
  [127.5      127.5      127.5     ]
  [127.5      127.5      127.5     ]]

 [[130.24281  127.5      127.5     ]
  [127.5      127.5      127.5     ]
  [127.5      127.5      127.5     ]
  ...
  [127.5      127.5      127.5     ]
  [127.5      127.5      127.5     ]
  [127.5      127.5      127.5     ]]]
|Output 00002.png is saved.
|Epoch:    3 |Variable containing:
(0 ,0 ,.,.) = 
  0.5000  0.5000  0.5000  ...   0.5000  0.5000  0.5000
  0.5000  0.5000  0.5000  ...   0.5000  0.5000  0.5000
  0.5000  0.5000  0.5000  ...   0.5000  0.5000  0.5000
           ...             ⋱             ...          
  0.5000  0.5000  0.5000  ...   0.5000  0.5000  0.5000
  0.5000  0.5000  0.5000  ...   0.5000  0.5000  0.5000
  0.5000  0.5000  0.5000  ...   0.5000  0.5000  0.5000

(0 ,1 ,.,.) = 
  0.5000  0.5000  0.5000  ...   0.5000  0.5000  0.5000
  0.5000  0.5000  0.5000  ...   0.5000  0.5000  0.5000
  0.5000  0.5000  0.5000  ...   0.5000  0.5000  0.5000
           ...             ⋱             ...          
  0.5000  0.5000  0.5000  ...   0.5000  0.5000  0.5000
  0.5000  0.5000  0.5000  ...   0.5000  0.5000  0.5000
  0.5000  0.5000  0.5000  ...   0.5000  0.5000  0.5000

(0 ,2 ,.,.) = 
  0.5000  0.5000  0.5000  ...   0.5000  0.5000  0.5000
  0.5000  0.5000  0.5000  ...   0.5000  0.5000  0.5000
  0.5000  0.5000  0.5000  ...   0.5000  0.5000  0.5000
           ...             ⋱             ...          
  0.5000  0.5000  0.5000  ...   0.5000  0.5000  0.5000
  0.5000  0.5000  0.5000  ...   0.5000  0.5000  0.5000
  0.5000  0.5000  0.5000  ...   0.5000  0.5000  0.5000
     ⋮ 

(1 ,0 ,.,.) = 
  0.5000  0.5000  0.5269  ...   0.5000  0.5000  0.5000
  0.5000  0.5000  0.5000  ...   0.5000  0.5000  0.5000
  0.5000  0.5000  0.5000  ...   0.5000  0.5000  0.5000
           ...             ⋱             ...          
  0.5000  0.5000  0.5000  ...   0.5000  0.5000  0.5000
  0.5000  0.5000  0.5000  ...   0.5000  0.5000  0.5000
  0.5000  0.5000  0.5000  ...   0.5000  0.5000  0.5000

(1 ,1 ,.,.) = 
  0.5000  0.5000  0.5000  ...   0.5000  0.5000  0.5000
  0.5000  0.5000  0.5000  ...   0.5000  0.5000  0.5000
  0.5000  0.5000  0.5000  ...   0.5000  0.5000  0.5000
           ...             ⋱             ...          
  0.5000  0.5000  0.5000  ...   0.5000  0.5000  0.5000
  0.5000  0.5000  0.5000  ...   0.5000  0.5000  0.5000
  0.5000  0.5000  0.5000  ...   0.5000  0.5000  0.5000

(1 ,2 ,.,.) = 
  0.5000  0.5000  0.5000  ...   0.5000  0.5000  0.5000
  0.5000  0.5000  0.5000  ...   0.5000  0.5000  0.5000
  0.5000  0.5000  0.5000  ...   0.5000  0.5000  0.5000
           ...             ⋱             ...          
  0.5000  0.5000  0.5000  ...   0.5000  0.5000  0.5000
  0.5000  0.5000  0.5000  ...   0.5000  0.5000  0.5000
  0.5000  0.5000  0.5000  ...   0.5000  0.5000  0.5000
     ⋮ 

(2 ,0 ,.,.) = 
  0.5000  0.5000  0.5000  ...   0.5000  0.5000  0.5000
  0.5000  0.5000  0.5000  ...   0.5000  0.5000  0.5000
  0.5000  0.5000  0.5000  ...   0.5000  0.5000  0.5000
           ...             ⋱             ...          
  0.5000  0.5000  0.5000  ...   0.5000  0.5000  0.5000
  0.5000  0.5000  0.5000  ...   0.5000  0.5000  0.5000
  0.5000  0.5000  0.5000  ...   0.5000  0.5000  0.5000

(2 ,1 ,.,.) = 
  0.5000  0.5000  0.5000  ...   0.5000  0.5000  0.5000
  0.5000  0.5000  0.5000  ...   0.5000  0.5000  0.5000
  0.5000  0.5000  0.5000  ...   0.5000  0.5000  0.5000
           ...             ⋱             ...          
  0.5000  0.5000  0.5000  ...   0.5000  0.5000  0.5000
  0.5000  0.5000  0.5000  ...   0.5000  0.5000  0.5000
  0.5000  0.5000  0.5000  ...   0.5000  0.5000  0.5000

(2 ,2 ,.,.) = 
  0.5000  0.5000  0.5000  ...   0.5000  0.5000  0.5000
  0.5000  0.5000  0.5000  ...   0.5000  0.5000  0.5000
  0.5000  0.5000  0.5000  ...   0.5000  0.5000  0.5000
           ...             ⋱             ...          
  0.5000  0.5000  0.5000  ...   0.5000  0.5000  0.5000
  0.5000  0.5000  0.5000  ...   0.5000  0.5000  0.5000
  0.5000  0.5000  0.5000  ...   0.5000  0.5000  0.5000
[torch.cuda.FloatTensor of size 3x3x64x64 (GPU 0)]

|Loss: 0.0689719170331955
./hw4_data/train/00000.png
[[[127.5 127.5 127.5]
  [127.5 127.5 127.5]
  [127.5 127.5 127.5]
  ...
  [127.5 127.5 127.5]
  [127.5 127.5 127.5]
  [127.5 127.5 127.5]]

 [[127.5 127.5 127.5]
  [127.5 127.5 127.5]
  [127.5 127.5 127.5]
  ...
  [127.5 127.5 127.5]
  [127.5 127.5 127.5]
  [127.5 127.5 127.5]]

 [[127.5 127.5 127.5]
  [127.5 127.5 127.5]
  [127.5 127.5 127.5]
  ...
  [127.5 127.5 127.5]
  [127.5 127.5 127.5]
  [127.5 127.5 127.5]]

 ...

 [[127.5 127.5 127.5]
  [127.5 127.5 127.5]
  [127.5 127.5 127.5]
  ...
  [127.5 127.5 127.5]
  [127.5 127.5 127.5]
  [127.5 127.5 127.5]]

 [[127.5 127.5 127.5]
  [127.5 127.5 127.5]
  [127.5 127.5 127.5]
  ...
  [127.5 127.5 127.5]
  [127.5 127.5 127.5]
  [127.5 127.5 127.5]]

 [[127.5 127.5 127.5]
  [127.5 127.5 127.5]
  [127.5 127.5 127.5]
  ...
  [127.5 127.5 127.5]
  [127.5 127.5 127.5]
  [127.5 127.5 127.5]]]
|Output 00000.png is saved.
./hw4_data/train/00001.png
[[[127.5 127.5 127.5]
  [127.5 127.5 127.5]
  [127.5 127.5 127.5]
  ...
  [127.5 127.5 127.5]
  [127.5 127.5 127.5]
  [127.5 127.5 127.5]]

 [[127.5 127.5 127.5]
  [127.5 127.5 127.5]
  [127.5 127.5 127.5]
  ...
  [127.5 127.5 127.5]
  [127.5 127.5 127.5]
  [127.5 127.5 127.5]]

 [[127.5 127.5 127.5]
  [127.5 127.5 127.5]
  [127.5 127.5 127.5]
  ...
  [127.5 127.5 127.5]
  [127.5 127.5 127.5]
  [127.5 127.5 127.5]]

 ...

 [[127.5 127.5 127.5]
  [127.5 127.5 127.5]
  [127.5 127.5 127.5]
  ...
  [127.5 127.5 127.5]
  [127.5 127.5 127.5]
  [127.5 127.5 127.5]]

 [[127.5 127.5 127.5]
  [127.5 127.5 127.5]
  [127.5 127.5 127.5]
  ...
  [127.5 127.5 127.5]
  [127.5 127.5 127.5]
  [127.5 127.5 127.5]]

 [[127.5 127.5 127.5]
  [127.5 127.5 127.5]
  [127.5 127.5 127.5]
  ...
  [127.5 127.5 127.5]
  [127.5 127.5 127.5]
  [127.5 127.5 127.5]]]
|Output 00001.png is saved.
./hw4_data/train/00002.png
[[[127.5 127.5 127.5]
  [127.5 127.5 127.5]
  [127.5 127.5 127.5]
  ...
  [127.5 127.5 127.5]
  [127.5 127.5 127.5]
  [127.5 127.5 127.5]]

 [[127.5 127.5 127.5]
  [127.5 127.5 127.5]
  [127.5 127.5 127.5]
  ...
  [127.5 127.5 127.5]
  [127.5 127.5 127.5]
  [127.5 127.5 127.5]]

 [[127.5 127.5 127.5]
  [127.5 127.5 127.5]
  [127.5 127.5 127.5]
  ...
  [127.5 127.5 127.5]
  [127.5 127.5 127.5]
  [127.5 127.5 127.5]]

 ...

 [[127.5 127.5 127.5]
  [127.5 127.5 127.5]
  [127.5 127.5 127.5]
  ...
  [127.5 127.5 127.5]
  [127.5 127.5 127.5]
  [127.5 127.5 127.5]]

 [[127.5 127.5 127.5]
  [127.5 127.5 127.5]
  [127.5 127.5 127.5]
  ...
  [127.5 127.5 127.5]
  [127.5 127.5 127.5]
  [127.5 127.5 127.5]]

 [[127.5 127.5 127.5]
  [127.5 127.5 127.5]
  [127.5 127.5 127.5]
  ...
  [127.5 127.5 127.5]
  [127.5 127.5 127.5]
  [127.5 127.5 127.5]]]
|Output 00002.png is saved.
|Epoch:    4 |Variable containing:
(0 ,0 ,.,.) = 
  0.5000  0.5000  0.5000  ...   0.5000  0.5000  0.5000
  0.5000  0.5000  0.5000  ...   0.5000  0.5006  0.5000
  0.5000  0.5000  0.5000  ...   0.5000  0.5000  0.5000
           ...             ⋱             ...          
  0.5000  0.5000  0.5000  ...   0.5000  0.5000  0.5000
  0.5000  0.5000  0.5000  ...   0.5000  0.5000  0.5000
  0.5000  0.5000  0.5000  ...   0.5000  0.5000  0.5000

(0 ,1 ,.,.) = 
  0.5000  0.5000  0.5000  ...   0.5000  0.5000  0.5000
  0.5000  0.5000  0.5000  ...   0.5000  0.5000  0.5000
  0.5000  0.5000  0.5000  ...   0.5000  0.5000  0.5000
           ...             ⋱             ...          
  0.5000  0.5000  0.5000  ...   0.5000  0.5000  0.5000
  0.5000  0.5000  0.5000  ...   0.5000  0.5000  0.5000
  0.5000  0.5000  0.5000  ...   0.5000  0.5000  0.5000

(0 ,2 ,.,.) = 
  0.5000  0.5000  0.5000  ...   0.5000  0.5000  0.5000
  0.5000  0.5000  0.5000  ...   0.5000  0.5000  0.5000
  0.5000  0.5000  0.5000  ...   0.5000  0.5000  0.5000
           ...             ⋱             ...          
  0.5000  0.5000  0.5000  ...   0.5000  0.5000  0.5000
  0.5000  0.5000  0.5000  ...   0.5000  0.5000  0.5000
  0.5000  0.5000  0.5000  ...   0.5000  0.5000  0.5000
     ⋮ 

(1 ,0 ,.,.) = 
  0.5000  0.5000  0.5000  ...   0.5000  0.5000  0.5000
  0.5000  0.5000  0.5000  ...   0.5000  0.5000  0.5000
  0.5000  0.5000  0.5000  ...   0.5000  0.5000  0.5000
           ...             ⋱             ...          
  0.5000  0.5000  0.5000  ...   0.5000  0.5000  0.5000
  0.5000  0.5000  0.5000  ...   0.5000  0.5000  0.5000
  0.5000  0.5000  0.5000  ...   0.5000  0.5000  0.5000

(1 ,1 ,.,.) = 
  0.5000  0.5000  0.5000  ...   0.5000  0.5000  0.5000
  0.5000  0.5000  0.5000  ...   0.5000  0.5000  0.5000
  0.5000  0.5000  0.5000  ...   0.5000  0.5000  0.5000
           ...             ⋱             ...          
  0.5000  0.5000  0.5000  ...   0.5000  0.5000  0.5000
  0.5000  0.5000  0.5000  ...   0.5000  0.5000  0.5000
  0.5000  0.5000  0.5000  ...   0.5000  0.5000  0.5000

(1 ,2 ,.,.) = 
  0.5000  0.5000  0.5000  ...   0.5000  0.5000  0.5000
  0.5000  0.5000  0.5000  ...   0.5000  0.5000  0.5000
  0.5000  0.5000  0.5000  ...   0.5000  0.5000  0.5000
           ...             ⋱             ...          
  0.5000  0.5000  0.5000  ...   0.5000  0.5000  0.5000
  0.5000  0.5000  0.5000  ...   0.5000  0.5000  0.5000
  0.5000  0.5000  0.5000  ...   0.5000  0.5000  0.5000
     ⋮ 

(2 ,0 ,.,.) = 
  0.5000  0.5000  0.5000  ...   0.5000  0.5000  0.5000
  0.5000  0.5000  0.5000  ...   0.5000  0.5000  0.5000
  0.5000  0.5000  0.5000  ...   0.5000  0.5000  0.5000
           ...             ⋱             ...          
  0.5000  0.5000  0.5000  ...   0.5000  0.5000  0.5000
  0.5000  0.5000  0.5000  ...   0.5000  0.5000  0.5000
  0.5000  0.5000  0.5000  ...   0.5000  0.5000  0.5000

(2 ,1 ,.,.) = 
  0.5000  0.5000  0.5000  ...   0.5000  0.5000  0.5000
  0.5000  0.5000  0.5000  ...   0.5000  0.5000  0.5000
  0.5000  0.5000  0.5000  ...   0.5000  0.5000  0.5000
           ...             ⋱             ...          
  0.5000  0.5000  0.5000  ...   0.5000  0.5000  0.5000
  0.5000  0.5000  0.5000  ...   0.5000  0.5000  0.5000
  0.5000  0.5000  0.5000  ...   0.5000  0.5000  0.5000

(2 ,2 ,.,.) = 
  0.5000  0.5000  0.5000  ...   0.5000  0.5000  0.5000
  0.5000  0.5000  0.5000  ...   0.5000  0.5000  0.5000
  0.5000  0.5000  0.5000  ...   0.5000  0.5000  0.5000
           ...             ⋱             ...          
  0.5000  0.5000  0.5000  ...   0.5000  0.5000  0.5000
  0.5000  0.5000  0.5000  ...   0.5000  0.5000  0.5000
  0.5000  0.5000  0.5000  ...   0.5000  0.5000  0.5000
[torch.cuda.FloatTensor of size 3x3x64x64 (GPU 0)]

|Loss: 0.06731270253658295
./hw4_data/train/00000.png
[[[127.5 127.5 127.5]
  [127.5 127.5 127.5]
  [127.5 127.5 127.5]
  ...
  [127.5 127.5 127.5]
  [127.5 127.5 127.5]
  [127.5 127.5 127.5]]

 [[127.5 127.5 127.5]
  [127.5 127.5 127.5]
  [127.5 127.5 127.5]
  ...
  [127.5 127.5 127.5]
  [127.5 127.5 127.5]
  [127.5 127.5 127.5]]

 [[127.5 127.5 127.5]
  [127.5 127.5 127.5]
  [127.5 127.5 127.5]
  ...
  [127.5 127.5 127.5]
  [127.5 127.5 127.5]
  [127.5 127.5 127.5]]

 ...

 [[127.5 127.5 127.5]
  [127.5 127.5 127.5]
  [127.5 127.5 127.5]
  ...
  [127.5 127.5 127.5]
  [127.5 127.5 127.5]
  [127.5 127.5 127.5]]

 [[127.5 127.5 127.5]
  [127.5 127.5 127.5]
  [127.5 127.5 127.5]
  ...
  [127.5 127.5 127.5]
  [127.5 127.5 127.5]
  [127.5 127.5 127.5]]

 [[127.5 127.5 127.5]
  [127.5 127.5 127.5]
  [127.5 127.5 127.5]
  ...
  [127.5 127.5 127.5]
  [127.5 127.5 127.5]
  [127.5 127.5 127.5]]]
|Output 00000.png is saved.
./hw4_data/train/00001.png
[[[127.5 127.5 127.5]
  [127.5 127.5 127.5]
  [127.5 127.5 127.5]
  ...
  [127.5 127.5 127.5]
  [127.5 127.5 127.5]
  [127.5 127.5 127.5]]

 [[127.5 127.5 127.5]
  [127.5 127.5 127.5]
  [127.5 127.5 127.5]
  ...
  [127.5 127.5 127.5]
  [127.5 127.5 127.5]
  [127.5 127.5 127.5]]

 [[127.5 127.5 127.5]
  [127.5 127.5 127.5]
  [127.5 127.5 127.5]
  ...
  [127.5 127.5 127.5]
  [127.5 127.5 127.5]
  [127.5 127.5 127.5]]

 ...

 [[127.5 127.5 127.5]
  [127.5 127.5 127.5]
  [127.5 127.5 127.5]
  ...
  [127.5 127.5 127.5]
  [127.5 127.5 127.5]
  [127.5 127.5 127.5]]

 [[127.5 127.5 127.5]
  [127.5 127.5 127.5]
  [127.5 127.5 127.5]
  ...
  [127.5 127.5 127.5]
  [127.5 127.5 127.5]
  [127.5 127.5 127.5]]

 [[127.5 127.5 127.5]
  [127.5 127.5 127.5]
  [127.5 127.5 127.5]
  ...
  [127.5 127.5 127.5]
  [127.5 127.5 127.5]
  [127.5 127.5 127.5]]]
|Output 00001.png is saved.
./hw4_data/train/00002.png
[[[127.5 127.5 127.5]
  [127.5 127.5 127.5]
  [127.5 127.5 127.5]
  ...
  [127.5 127.5 127.5]
  [127.5 127.5 127.5]
  [127.5 127.5 127.5]]

 [[127.5 127.5 127.5]
  [127.5 127.5 127.5]
  [127.5 127.5 127.5]
  ...
  [127.5 127.5 127.5]
  [127.5 127.5 127.5]
  [127.5 127.5 127.5]]

 [[127.5 127.5 127.5]
  [127.5 127.5 127.5]
  [127.5 127.5 127.5]
  ...
  [127.5 127.5 127.5]
  [127.5 127.5 127.5]
  [127.5 127.5 127.5]]

 ...

 [[127.5 127.5 127.5]
  [127.5 127.5 127.5]
  [127.5 127.5 127.5]
  ...
  [127.5 127.5 127.5]
  [127.5 127.5 127.5]
  [127.5 127.5 127.5]]

 [[127.5 127.5 127.5]
  [127.5 127.5 127.5]
  [127.5 127.5 127.5]
  ...
  [127.5 127.5 127.5]
  [127.5 127.5 127.5]
  [127.5 127.5 127.5]]

 [[127.5 127.5 127.5]
  [127.5 127.5 127.5]
  [127.5 127.5 127.5]
  ...
  [127.5 127.5 127.5]
  [127.5 127.5 127.5]
  [127.5 127.5 127.5]]]
|Output 00002.png is saved.
Traceback (most recent call last):
  File "train.py", line 166, in <module>
    train(data_loader, model_index, x_eval_train)
  File "train.py", line 122, in train
    tor.save(ave.state_dict(), os.path.join(MODEL_ROOT, "fcn_model_{}_{}.pkl".format(model_index, epoch)))
  File "/usr/local/lib/python3.6/dist-packages/torch/serialization.py", line 135, in save
    return _with_file_like(f, "wb", lambda f: _save(obj, f, pickle_module, pickle_protocol))
  File "/usr/local/lib/python3.6/dist-packages/torch/serialization.py", line 117, in _with_file_like
    return body(f)
  File "/usr/local/lib/python3.6/dist-packages/torch/serialization.py", line 135, in <lambda>
    return _with_file_like(f, "wb", lambda f: _save(obj, f, pickle_module, pickle_protocol))
  File "/usr/local/lib/python3.6/dist-packages/torch/serialization.py", line 204, in _save
    serialized_storages[key]._write_file(f)
RuntimeError: Unknown error -1
Error in sys.excepthook:
Traceback (most recent call last):
  File "/usr/lib/python3/dist-packages/apport_python_hook.py", line 63, in apport_excepthook
    from apport.fileutils import likely_packaged, get_recent_crashes
  File "/usr/lib/python3/dist-packages/apport/__init__.py", line 5, in <module>
    from apport.report import Report
  File "/usr/lib/python3/dist-packages/apport/report.py", line 30, in <module>
    import apport.fileutils
  File "/usr/lib/python3/dist-packages/apport/fileutils.py", line 23, in <module>
    from apport.packaging_impl import impl as packaging
  File "/usr/lib/python3/dist-packages/apport/packaging_impl.py", line 23, in <module>
    import apt
  File "/usr/lib/python3/dist-packages/apt/__init__.py", line 23, in <module>
    import apt_pkg
ModuleNotFoundError: No module named 'apt_pkg'

Original exception was:
Traceback (most recent call last):
  File "train.py", line 166, in <module>
    train(data_loader, model_index, x_eval_train)
  File "train.py", line 122, in train
    tor.save(ave.state_dict(), os.path.join(MODEL_ROOT, "fcn_model_{}_{}.pkl".format(model_index, epoch)))
  File "/usr/local/lib/python3.6/dist-packages/torch/serialization.py", line 135, in save
    return _with_file_like(f, "wb", lambda f: _save(obj, f, pickle_module, pickle_protocol))
  File "/usr/local/lib/python3.6/dist-packages/torch/serialization.py", line 117, in _with_file_like
    return body(f)
  File "/usr/local/lib/python3.6/dist-packages/torch/serialization.py", line 135, in <lambda>
    return _with_file_like(f, "wb", lambda f: _save(obj, f, pickle_module, pickle_protocol))
  File "/usr/local/lib/python3.6/dist-packages/torch/serialization.py", line 204, in _save
    serialized_storages[key]._write_file(f)
RuntimeError: Unknown error -1
