/usr/local/lib/python3.6/dist-packages/h5py/__init__.py:36: FutureWarning: Conversion of the second argument of issubdtype from `float` to `np.floating` is deprecated. In future, it will be treated as `np.float64 == np.dtype(float).type`.
  from ._conv import register_converters as _register_converters
/home/jack/DLCV2018SPRING/hw3/model.py:131: UserWarning: src is not broadcastable to dst, but they have the same number of elements.  Falling back to deprecated pointwise behavior.
  self.state_dict()[layers[index]].copy_(weights)
======== Load Data ========
======== Train Data ========
|Epoch:    1 |Variable containing:
( 0 ,.,.) = 
   2   2   2  ...    2   2   2
   2   2   2  ...    2   2   2
   2   2   2  ...    2   2   2
     ...       ⋱       ...    
   2   2   2  ...    2   2   2
   2   2   2  ...    2   2   2
   2   2   2  ...    2   2   2

( 1 ,.,.) = 
   2   2   2  ...    2   2   2
   2   2   2  ...    2   2   2
   2   2   2  ...    2   2   2
     ...       ⋱       ...    
   2   2   2  ...    2   2   2
   2   2   2  ...    2   2   2
   2   2   2  ...    2   2   2

( 2 ,.,.) = 
   2   2   2  ...    2   2   2
   2   2   2  ...    2   2   2
   2   2   2  ...    2   2   2
     ...       ⋱       ...    
   2   2   2  ...    2   2   2
   2   2   2  ...    2   2   2
   2   2   2  ...    2   2   2

( 3 ,.,.) = 
   2   2   2  ...    2   2   2
   2   2   2  ...    2   2   2
   2   2   2  ...    2   2   2
     ...       ⋱       ...    
   2   2   2  ...    2   2   2
   2   2   2  ...    2   2   2
   2   2   2  ...    2   2   2
[torch.cuda.LongTensor of size 4x512x512 (GPU 0)]


( 0 ,.,.) = 
   2   2   2  ...    2   2   2
   2   2   2  ...    2   2   2
   2   2   2  ...    2   2   2
     ...       ⋱       ...    
   2   2   2  ...    2   2   2
   2   2   2  ...    2   2   2
   2   2   2  ...    2   2   2

( 1 ,.,.) = 
   6   6   6  ...    2   2   2
   6   6   6  ...    2   2   2
   6   6   6  ...    2   2   2
     ...       ⋱       ...    
   2   2   2  ...    4   4   4
   2   2   2  ...    4   4   4
   2   2   2  ...    4   4   4

( 2 ,.,.) = 
   2   2   2  ...    2   2   2
   2   2   2  ...    2   2   2
   2   2   2  ...    2   2   2
     ...       ⋱       ...    
   2   2   2  ...    2   2   2
   2   2   2  ...    2   2   2
   2   2   2  ...    2   2   2

( 3 ,.,.) = 
   2   2   2  ...    1   1   1
   2   2   2  ...    1   1   1
   2   2   2  ...    1   1   1
     ...       ⋱       ...    
   2   2   2  ...    1   1   1
   2   2   2  ...    1   1   1
   2   2   2  ...    1   1   1
[torch.LongTensor of size 4x512x512]

|Loss: 1.9458096027374268 |Acc: 0.79782 
|Epoch:    2 |Variable containing:
( 0 ,.,.) = 
   2   2   2  ...    2   2   2
   2   2   2  ...    2   2   2
   2   2   2  ...    2   2   2
     ...       ⋱       ...    
   2   2   2  ...    2   2   2
   2   2   2  ...    2   2   2
   2   2   2  ...    2   2   2

( 1 ,.,.) = 
   2   2   2  ...    2   2   2
   2   2   2  ...    2   2   2
   2   2   2  ...    2   2   2
     ...       ⋱       ...    
   2   2   2  ...    2   2   2
   2   2   2  ...    2   2   2
   2   2   2  ...    2   2   2

( 2 ,.,.) = 
   2   2   2  ...    2   2   2
   2   2   2  ...    2   2   2
   2   2   2  ...    2   2   2
     ...       ⋱       ...    
   2   2   2  ...    2   2   2
   2   2   2  ...    2   2   2
   2   2   2  ...    2   2   2

( 3 ,.,.) = 
   2   2   2  ...    2   2   2
   2   2   2  ...    2   2   2
   2   2   2  ...    2   2   2
     ...       ⋱       ...    
   2   2   2  ...    2   2   2
   2   2   2  ...    2   2   2
   2   2   2  ...    2   2   2
[torch.cuda.LongTensor of size 4x512x512 (GPU 0)]


( 0 ,.,.) = 
   2   2   2  ...    2   2   2
   2   2   2  ...    2   2   2
   2   2   2  ...    2   2   2
     ...       ⋱       ...    
   2   2   2  ...    2   2   2
   2   2   2  ...    2   2   2
   2   2   2  ...    2   2   2

( 1 ,.,.) = 
   6   6   6  ...    2   2   2
   6   6   6  ...    2   2   2
   6   6   6  ...    2   2   2
     ...       ⋱       ...    
   2   2   2  ...    4   4   4
   2   2   2  ...    4   4   4
   2   2   2  ...    4   4   4

( 2 ,.,.) = 
   2   2   2  ...    2   2   2
   2   2   2  ...    2   2   2
   2   2   2  ...    2   2   2
     ...       ⋱       ...    
   2   2   2  ...    2   2   2
   2   2   2  ...    2   2   2
   2   2   2  ...    2   2   2

( 3 ,.,.) = 
   2   2   2  ...    1   1   1
   2   2   2  ...    1   1   1
   2   2   2  ...    1   1   1
     ...       ⋱       ...    
   2   2   2  ...    1   1   1
   2   2   2  ...    1   1   1
   2   2   2  ...    1   1   1
[torch.LongTensor of size 4x512x512]

|Loss: 1.9454936981201172 |Acc: 0.83844 
|Epoch:    3 |Variable containing:
( 0 ,.,.) = 
   2   2   2  ...    2   2   2
   2   2   2  ...    2   2   2
   2   2   2  ...    2   2   2
     ...       ⋱       ...    
   2   2   2  ...    2   2   2
   2   2   2  ...    2   2   2
   2   2   2  ...    2   2   2

( 1 ,.,.) = 
   2   2   2  ...    2   2   2
   2   2   2  ...    2   2   2
   2   2   2  ...    2   2   2
     ...       ⋱       ...    
   2   2   2  ...    2   2   2
   2   2   2  ...    2   2   2
   2   2   2  ...    2   2   2

( 2 ,.,.) = 
   2   2   2  ...    2   2   2
   2   2   2  ...    2   2   2
   2   2   2  ...    2   2   2
     ...       ⋱       ...    
   2   2   2  ...    2   2   2
   2   2   2  ...    2   2   2
   2   2   2  ...    2   2   2

( 3 ,.,.) = 
   2   2   2  ...    2   2   2
   2   2   2  ...    2   2   2
   2   2   2  ...    2   2   2
     ...       ⋱       ...    
   2   2   2  ...    2   2   2
   2   2   2  ...    2   2   2
   2   2   2  ...    2   2   2
[torch.cuda.LongTensor of size 4x512x512 (GPU 0)]


( 0 ,.,.) = 
   2   2   2  ...    2   2   2
   2   2   2  ...    2   2   2
   2   2   2  ...    2   2   2
     ...       ⋱       ...    
   2   2   2  ...    2   2   2
   2   2   2  ...    2   2   2
   2   2   2  ...    2   2   2

( 1 ,.,.) = 
   6   6   6  ...    2   2   2
   6   6   6  ...    2   2   2
   6   6   6  ...    2   2   2
     ...       ⋱       ...    
   2   2   2  ...    4   4   4
   2   2   2  ...    4   4   4
   2   2   2  ...    4   4   4

( 2 ,.,.) = 
   2   2   2  ...    2   2   2
   2   2   2  ...    2   2   2
   2   2   2  ...    2   2   2
     ...       ⋱       ...    
   2   2   2  ...    2   2   2
   2   2   2  ...    2   2   2
   2   2   2  ...    2   2   2

( 3 ,.,.) = 
   2   2   2  ...    1   1   1
   2   2   2  ...    1   1   1
   2   2   2  ...    1   1   1
     ...       ⋱       ...    
   2   2   2  ...    1   1   1
   2   2   2  ...    1   1   1
   2   2   2  ...    1   1   1
[torch.LongTensor of size 4x512x512]

|Loss: 1.945311188697815 |Acc: 0.83943 
|Epoch:    4 |Traceback (most recent call last):
  File "train.py", line 165, in <module>
    train(data_loader, model_index, x_eval_train, y_eval_train)
  File "train.py", line 98, in train
    x = Variable(x_batch).type(tor.FloatTensor).cuda()
  File "/usr/local/lib/python3.6/dist-packages/torch/autograd/variable.py", line 298, in cuda
    return CudaTransfer.apply(self, device, async)
  File "/usr/local/lib/python3.6/dist-packages/torch/autograd/_functions/tensor.py", line 201, in forward
    return i.cuda(async=async)
  File "/usr/local/lib/python3.6/dist-packages/torch/_utils.py", line 69, in _cuda
    return new_type(self.size()).copy_(self, async)
KeyboardInterrupt
======== Load Data ========
======== Train Data ========
|Epoch:    1 |Variable containing:
( 0 ,.,.) = 
   4   4   3  ...    3   5   5
   4   5   6  ...    5   4   3
   4   4   5  ...    3   5   3
     ...       ⋱       ...    
   5   3   6  ...    3   3   6
   6   6   3  ...    4   3   6
   5   4   4  ...    6   6   6

( 1 ,.,.) = 
   4   4   3  ...    3   5   5
   4   5   6  ...    5   4   3
   4   4   5  ...    3   5   3
     ...       ⋱       ...    
   5   3   6  ...    3   3   6
   6   6   3  ...    4   3   6
   5   4   4  ...    6   6   6

( 2 ,.,.) = 
   4   4   3  ...    3   5   5
   4   5   6  ...    5   4   3
   4   4   5  ...    3   5   3
     ...       ⋱       ...    
   5   3   6  ...    3   3   6
   6   6   3  ...    4   3   6
   5   4   4  ...    6   6   6

( 3 ,.,.) = 
   4   4   3  ...    3   5   5
   4   5   6  ...    5   4   3
   4   4   5  ...    3   5   3
     ...       ⋱       ...    
   5   3   6  ...    3   3   6
   6   6   3  ...    4   3   6
   5   4   4  ...    6   6   6
[torch.cuda.LongTensor of size 4x512x512 (GPU 0)]


( 0 ,.,.) = 
   2   2   2  ...    2   2   2
   2   2   2  ...    2   2   2
   2   2   2  ...    2   2   2
     ...       ⋱       ...    
   2   2   2  ...    2   2   2
   2   2   2  ...    2   2   2
   2   2   2  ...    2   2   2

( 1 ,.,.) = 
   6   6   6  ...    2   2   2
   6   6   6  ...    2   2   2
   6   6   6  ...    2   2   2
     ...       ⋱       ...    
   2   2   2  ...    4   4   4
   2   2   2  ...    4   4   4
   2   2   2  ...    4   4   4

( 2 ,.,.) = 
   2   2   2  ...    2   2   2
   2   2   2  ...    2   2   2
   2   2   2  ...    2   2   2
     ...       ⋱       ...    
   2   2   2  ...    2   2   2
   2   2   2  ...    2   2   2
   2   2   2  ...    2   2   2

( 3 ,.,.) = 
   2   2   2  ...    1   1   1
   2   2   2  ...    1   1   1
   2   2   2  ...    1   1   1
     ...       ⋱       ...    
   2   2   2  ...    1   1   1
   2   2   2  ...    1   1   1
   2   2   2  ...    1   1   1
[torch.LongTensor of size 4x512x512]

|Loss: 1.945986032485962 |Acc: 0.0667  
|Epoch:    2 |Variable containing:
( 0 ,.,.) = 
   4   4   3  ...    3   5   5
   4   5   6  ...    5   4   3
   4   4   5  ...    3   5   3
     ...       ⋱       ...    
   5   3   6  ...    3   3   6
   6   6   3  ...    4   3   6
   5   4   4  ...    6   6   6

( 1 ,.,.) = 
   4   4   3  ...    3   5   5
   4   5   6  ...    5   4   3
   4   4   5  ...    3   5   3
     ...       ⋱       ...    
   5   3   6  ...    3   3   6
   6   6   3  ...    4   3   6
   5   4   4  ...    6   6   6

( 2 ,.,.) = 
   4   4   3  ...    3   5   5
   4   5   6  ...    5   4   3
   4   4   5  ...    3   5   3
     ...       ⋱       ...    
   5   3   6  ...    3   3   6
   6   6   3  ...    4   3   6
   5   4   4  ...    6   6   6

( 3 ,.,.) = 
   4   4   3  ...    3   5   5
   4   5   6  ...    5   4   3
   4   4   5  ...    3   5   3
     ...       ⋱       ...    
   5   3   6  ...    3   3   6
   6   6   3  ...    4   3   6
   5   4   4  ...    6   6   6
[torch.cuda.LongTensor of size 4x512x512 (GPU 0)]


( 0 ,.,.) = 
   2   2   2  ...    2   2   2
   2   2   2  ...    2   2   2
   2   2   2  ...    2   2   2
     ...       ⋱       ...    
   2   2   2  ...    2   2   2
   2   2   2  ...    2   2   2
   2   2   2  ...    2   2   2

( 1 ,.,.) = 
   6   6   6  ...    2   2   2
   6   6   6  ...    2   2   2
   6   6   6  ...    2   2   2
     ...       ⋱       ...    
   2   2   2  ...    4   4   4
   2   2   2  ...    4   4   4
   2   2   2  ...    4   4   4

( 2 ,.,.) = 
   2   2   2  ...    2   2   2
   2   2   2  ...    2   2   2
   2   2   2  ...    2   2   2
     ...       ⋱       ...    
   2   2   2  ...    2   2   2
   2   2   2  ...    2   2   2
   2   2   2  ...    2   2   2

( 3 ,.,.) = 
   2   2   2  ...    1   1   1
   2   2   2  ...    1   1   1
   2   2   2  ...    1   1   1
     ...       ⋱       ...    
   2   2   2  ...    1   1   1
   2   2   2  ...    1   1   1
   2   2   2  ...    1   1   1
[torch.LongTensor of size 4x512x512]

|Loss: 1.9459446668624878 |Acc: 0.07137 
|Epoch:    3 |Variable containing:
( 0 ,.,.) = 
   4   4   3  ...    3   5   5
   4   5   6  ...    5   4   3
   4   4   5  ...    3   5   3
     ...       ⋱       ...    
   5   3   6  ...    3   3   6
   6   6   3  ...    4   3   6
   5   4   4  ...    6   6   6

( 1 ,.,.) = 
   4   4   3  ...    3   5   5
   4   5   6  ...    5   4   3
   4   4   5  ...    3   5   3
     ...       ⋱       ...    
   5   3   6  ...    3   3   6
   6   6   3  ...    4   3   6
   5   4   4  ...    6   6   6

( 2 ,.,.) = 
   4   4   3  ...    3   5   5
   4   5   6  ...    5   4   3
   4   4   5  ...    3   5   3
     ...       ⋱       ...    
   5   3   6  ...    3   3   6
   6   6   3  ...    4   3   6
   5   4   4  ...    6   6   6

( 3 ,.,.) = 
   4   4   3  ...    3   5   5
   4   5   6  ...    5   4   3
   4   4   5  ...    3   5   3
     ...       ⋱       ...    
   5   3   6  ...    3   3   6
   6   6   3  ...    4   3   6
   5   4   4  ...    6   6   6
[torch.cuda.LongTensor of size 4x512x512 (GPU 0)]


( 0 ,.,.) = 
   2   2   2  ...    2   2   2
   2   2   2  ...    2   2   2
   2   2   2  ...    2   2   2
     ...       ⋱       ...    
   2   2   2  ...    2   2   2
   2   2   2  ...    2   2   2
   2   2   2  ...    2   2   2

( 1 ,.,.) = 
   6   6   6  ...    2   2   2
   6   6   6  ...    2   2   2
   6   6   6  ...    2   2   2
     ...       ⋱       ...    
   2   2   2  ...    4   4   4
   2   2   2  ...    4   4   4
   2   2   2  ...    4   4   4

( 2 ,.,.) = 
   2   2   2  ...    2   2   2
   2   2   2  ...    2   2   2
   2   2   2  ...    2   2   2
     ...       ⋱       ...    
   2   2   2  ...    2   2   2
   2   2   2  ...    2   2   2
   2   2   2  ...    2   2   2

( 3 ,.,.) = 
   2   2   2  ...    1   1   1
   2   2   2  ...    1   1   1
   2   2   2  ...    1   1   1
     ...       ⋱       ...    
   2   2   2  ...    1   1   1
   2   2   2  ...    1   1   1
   2   2   2  ...    1   1   1
[torch.LongTensor of size 4x512x512]

|Loss: 1.9459561109542847 |Acc: 0.07746 
|Epoch:    4 |Variable containing:
( 0 ,.,.) = 
   4   4   3  ...    3   5   5
   4   5   6  ...    5   4   3
   4   4   5  ...    3   5   3
     ...       ⋱       ...    
   5   3   6  ...    3   3   5
   6   6   3  ...    4   3   6
   5   4   4  ...    6   6   6

( 1 ,.,.) = 
   4   4   3  ...    3   5   5
   4   5   6  ...    5   4   3
   4   4   5  ...    3   5   3
     ...       ⋱       ...    
   5   3   6  ...    3   3   5
   6   6   3  ...    4   3   6
   5   4   4  ...    6   6   6

( 2 ,.,.) = 
   4   4   3  ...    3   5   5
   4   5   6  ...    5   4   3
   4   4   5  ...    3   5   3
     ...       ⋱       ...    
   5   3   6  ...    3   3   5
   6   6   3  ...    4   3   6
   5   4   4  ...    6   6   6

( 3 ,.,.) = 
   4   4   3  ...    3   5   5
   4   5   6  ...    5   4   3
   4   4   5  ...    3   5   3
     ...       ⋱       ...    
   5   3   6  ...    3   3   5
   6   6   3  ...    4   3   6
   5   4   4  ...    6   6   6
[torch.cuda.LongTensor of size 4x512x512 (GPU 0)]


( 0 ,.,.) = 
   2   2   2  ...    2   2   2
   2   2   2  ...    2   2   2
   2   2   2  ...    2   2   2
     ...       ⋱       ...    
   2   2   2  ...    2   2   2
   2   2   2  ...    2   2   2
   2   2   2  ...    2   2   2

( 1 ,.,.) = 
   6   6   6  ...    2   2   2
   6   6   6  ...    2   2   2
   6   6   6  ...    2   2   2
     ...       ⋱       ...    
   2   2   2  ...    4   4   4
   2   2   2  ...    4   4   4
   2   2   2  ...    4   4   4

( 2 ,.,.) = 
   2   2   2  ...    2   2   2
   2   2   2  ...    2   2   2
   2   2   2  ...    2   2   2
     ...       ⋱       ...    
   2   2   2  ...    2   2   2
   2   2   2  ...    2   2   2
   2   2   2  ...    2   2   2

( 3 ,.,.) = 
   2   2   2  ...    1   1   1
   2   2   2  ...    1   1   1
   2   2   2  ...    1   1   1
     ...       ⋱       ...    
   2   2   2  ...    1   1   1
   2   2   2  ...    1   1   1
   2   2   2  ...    1   1   1
[torch.LongTensor of size 4x512x512]

|Loss: 1.945946216583252 |Acc: 0.08241 
|Epoch:    5 |Variable containing:
( 0 ,.,.) = 
   4   4   3  ...    3   5   5
   4   5   6  ...    5   4   3
   4   4   5  ...    3   5   3
     ...       ⋱       ...    
   5   3   6  ...    3   3   5
   6   6   3  ...    4   3   6
   5   4   4  ...    6   6   6

( 1 ,.,.) = 
   4   4   3  ...    3   5   5
   4   5   6  ...    5   4   3
   4   4   5  ...    3   5   3
     ...       ⋱       ...    
   5   3   6  ...    3   3   5
   6   6   3  ...    4   3   6
   5   4   4  ...    6   6   6

( 2 ,.,.) = 
   4   4   3  ...    3   5   5
   4   5   6  ...    5   4   3
   4   4   5  ...    3   5   3
     ...       ⋱       ...    
   5   3   6  ...    3   3   5
   6   6   3  ...    4   3   6
   5   4   4  ...    6   6   6

( 3 ,.,.) = 
   4   4   3  ...    3   5   5
   4   5   6  ...    5   4   3
   4   4   5  ...    3   5   3
     ...       ⋱       ...    
   5   3   6  ...    3   3   5
   6   6   3  ...    4   3   6
   5   4   4  ...    6   6   6
[torch.cuda.LongTensor of size 4x512x512 (GPU 0)]
======== Load Data ========
======== Train Data ========
|Epoch:    1 |Variable containing:
( 0 ,.,.) = 
   6   6   6  ...    6   0   2
   5   2   5  ...    6   2   6
   6   6   5  ...    5   5   2
     ...       ⋱       ...    
   6   5   5  ...    5   5   2
   6   2   6  ...    2   6   2
   5   5   5  ...    6   0   6

( 1 ,.,.) = 
   6   6   6  ...    6   0   2
   5   2   5  ...    6   2   6
   6   6   5  ...    5   5   2
     ...       ⋱       ...    
   6   5   5  ...    5   5   2
   6   2   6  ...    2   6   2
   5   5   5  ...    6   0   6

( 2 ,.,.) = 
   6   6   6  ...    6   0   2
   5   2   5  ...    6   2   6
   6   6   5  ...    5   5   2
     ...       ⋱       ...    
   6   5   5  ...    5   5   2
   6   2   6  ...    2   6   2
   5   5   5  ...    6   0   6

( 3 ,.,.) = 
   6   6   6  ...    6   0   2
   5   2   5  ...    6   2   6
   6   6   5  ...    5   5   2
     ...       ⋱       ...    
   6   5   5  ...    5   5   2
   6   2   6  ...    2   6   2
   5   5   5  ...    6   0   6
[torch.cuda.LongTensor of size 4x512x512 (GPU 0)]


( 0 ,.,.) = 
   2   2   2  ...    2   2   2
   2   2   2  ...    2   2   2
   2   2   2  ...    2   2   2
     ...       ⋱       ...    
   2   2   2  ...    2   2   2
   2   2   2  ...    2   2   2
   2   2   2  ...    2   2   2

( 1 ,.,.) = 
   6   6   6  ...    2   2   2
   6   6   6  ...    2   2   2
   6   6   6  ...    2   2   2
     ...       ⋱       ...    
   2   2   2  ...    4   4   4
   2   2   2  ...    4   4   4
   2   2   2  ...    4   4   4

( 2 ,.,.) = 
   2   2   2  ...    2   2   2
   2   2   2  ...    2   2   2
   2   2   2  ...    2   2   2
     ...       ⋱       ...    
   2   2   2  ...    2   2   2
   2   2   2  ...    2   2   2
   2   2   2  ...    2   2   2

( 3 ,.,.) = 
   2   2   2  ...    1   1   1
   2   2   2  ...    1   1   1
   2   2   2  ...    1   1   1
     ...       ⋱       ...    
   2   2   2  ...    1   1   1
   2   2   2  ...    1   1   1
   2   2   2  ...    1   1   1
[torch.LongTensor of size 4x512x512]

|Loss: 1.9458781480789185 |Acc: 0.20966 
|Epoch:    2 |Variable containing:
( 0 ,.,.) = 
   6   6   2  ...    6   0   2
   5   2   5  ...    6   2   6
   6   6   5  ...    5   5   2
     ...       ⋱       ...    
   6   5   5  ...    2   5   2
   6   2   6  ...    2   6   2
   5   5   5  ...    6   0   6

( 1 ,.,.) = 
   6   6   2  ...    6   0   2
   5   2   5  ...    6   2   6
   6   6   5  ...    5   5   2
     ...       ⋱       ...    
   6   5   5  ...    2   5   2
   6   2   6  ...    2   6   2
   5   5   5  ...    6   0   6

( 2 ,.,.) = 
   6   6   2  ...    6   0   2
   5   2   5  ...    6   2   6
   6   6   5  ...    5   5   2
     ...       ⋱       ...    
   6   5   5  ...    2   5   2
   6   2   6  ...    2   6   2
   5   5   5  ...    6   0   6

( 3 ,.,.) = 
   6   6   2  ...    6   0   2
   5   2   5  ...    6   2   6
   6   6   5  ...    5   5   2
     ...       ⋱       ...    
   6   5   5  ...    2   5   2
   6   2   6  ...    2   6   2
   5   5   5  ...    6   0   6
[torch.cuda.LongTensor of size 4x512x512 (GPU 0)]


( 0 ,.,.) = 
   2   2   2  ...    2   2   2
   2   2   2  ...    2   2   2
   2   2   2  ...    2   2   2
     ...       ⋱       ...    
   2   2   2  ...    2   2   2
   2   2   2  ...    2   2   2
   2   2   2  ...    2   2   2

( 1 ,.,.) = 
   6   6   6  ...    2   2   2
   6   6   6  ...    2   2   2
   6   6   6  ...    2   2   2
     ...       ⋱       ...    
   2   2   2  ...    4   4   4
   2   2   2  ...    4   4   4
   2   2   2  ...    4   4   4

( 2 ,.,.) = 
   2   2   2  ...    2   2   2
   2   2   2  ...    2   2   2
   2   2   2  ...    2   2   2
     ...       ⋱       ...    
   2   2   2  ...    2   2   2
   2   2   2  ...    2   2   2
   2   2   2  ...    2   2   2

( 3 ,.,.) = 
   2   2   2  ...    1   1   1
   2   2   2  ...    1   1   1
   2   2   2  ...    1   1   1
     ...       ⋱       ...    
   2   2   2  ...    1   1   1
   2   2   2  ...    1   1   1
   2   2   2  ...    1   1   1
[torch.LongTensor of size 4x512x512]

|Loss: 1.9459028244018555 |Acc: 0.22377 
|Epoch:    3 |Variable containing:
( 0 ,.,.) = 
   6   6   2  ...    6   0   2
   2   2   2  ...    6   2   6
   6   6   2  ...    5   5   2
     ...       ⋱       ...    
   6   5   5  ...    2   5   2
   6   2   6  ...    2   6   2
   5   5   5  ...    6   0   6

( 1 ,.,.) = 
   6   6   2  ...    6   0   2
   2   2   2  ...    6   2   6
   6   6   2  ...    5   5   2
     ...       ⋱       ...    
   6   5   5  ...    2   5   2
   6   2   6  ...    2   6   2
   5   5   5  ...    6   0   6

( 2 ,.,.) = 
   6   6   2  ...    6   0   2
   2   2   2  ...    6   2   6
   6   6   2  ...    5   5   2
     ...       ⋱       ...    
   6   5   5  ...    2   5   2
   6   2   6  ...    2   6   2
   5   5   5  ...    6   0   6

( 3 ,.,.) = 
   6   6   2  ...    6   0   2
   2   2   2  ...    6   2   6
   6   6   2  ...    5   5   2
     ...       ⋱       ...    
   6   5   5  ...    2   5   2
   6   2   6  ...    2   6   2
   5   5   5  ...    6   0   6
[torch.cuda.LongTensor of size 4x512x512 (GPU 0)]


( 0 ,.,.) = 
   2   2   2  ...    2   2   2
   2   2   2  ...    2   2   2
   2   2   2  ...    2   2   2
     ...       ⋱       ...    
   2   2   2  ...    2   2   2
   2   2   2  ...    2   2   2
   2   2   2  ...    2   2   2

( 1 ,.,.) = 
   6   6   6  ...    2   2   2
   6   6   6  ...    2   2   2
   6   6   6  ...    2   2   2
     ...       ⋱       ...    
   2   2   2  ...    4   4   4
   2   2   2  ...    4   4   4
   2   2   2  ...    4   4   4

( 2 ,.,.) = 
   2   2   2  ...    2   2   2
   2   2   2  ...    2   2   2
   2   2   2  ...    2   2   2
     ...       ⋱       ...    
   2   2   2  ...    2   2   2
   2   2   2  ...    2   2   2
   2   2   2  ...    2   2   2

( 3 ,.,.) = 
   2   2   2  ...    1   1   1
   2   2   2  ...    1   1   1
   2   2   2  ...    1   1   1
     ...       ⋱       ...    
   2   2   2  ...    1   1   1
   2   2   2  ...    1   1   1
   2   2   2  ...    1   1   1
[torch.LongTensor of size 4x512x512]

|Loss: 1.9458483457565308 |Acc: 0.23813 
|Epoch:    4 |Variable containing:
( 0 ,.,.) = 
   6   6   2  ...    2   0   2
   2   2   2  ...    6   2   6
   6   6   2  ...    5   5   2
     ...       ⋱       ...    
   2   5   5  ...    2   5   2
   6   2   6  ...    2   2   2
   5   5   5  ...    6   0   6

( 1 ,.,.) = 
   6   6   2  ...    2   0   2
   2   2   2  ...    6   2   6
   6   6   2  ...    5   5   2
     ...       ⋱       ...    
   2   5   5  ...    2   5   2
   6   2   6  ...    2   2   2
   5   5   5  ...    6   0   6

( 2 ,.,.) = 
   6   6   2  ...    2   0   2
   2   2   2  ...    6   2   6
   6   6   2  ...    5   5   2
     ...       ⋱       ...    
   2   5   5  ...    2   5   2
   6   2   6  ...    2   2   2
   5   5   5  ...    6   0   6

( 3 ,.,.) = 
   6   6   2  ...    2   0   2
   2   2   2  ...    6   2   6
   6   6   2  ...    5   5   2
     ...       ⋱       ...    
   2   5   5  ...    2   5   2
   6   2   6  ...    2   2   2
   5   5   5  ...    6   0   6
[torch.cuda.LongTensor of size 4x512x512 (GPU 0)]


( 0 ,.,.) = 
   2   2   2  ...    2   2   2
   2   2   2  ...    2   2   2
   2   2   2  ...    2   2   2
     ...       ⋱       ...    
   2   2   2  ...    2   2   2
   2   2   2  ...    2   2   2
   2   2   2  ...    2   2   2

( 1 ,.,.) = 
   6   6   6  ...    2   2   2
   6   6   6  ...    2   2   2
   6   6   6  ...    2   2   2
     ...       ⋱       ...    
   2   2   2  ...    4   4   4
   2   2   2  ...    4   4   4
   2   2   2  ...    4   4   4

( 2 ,.,.) = 
   2   2   2  ...    2   2   2
   2   2   2  ...    2   2   2
   2   2   2  ...    2   2   2
     ...       ⋱       ...    
   2   2   2  ...    2   2   2
   2   2   2  ...    2   2   2
   2   2   2  ...    2   2   2

( 3 ,.,.) = 
   2   2   2  ...    1   1   1
   2   2   2  ...    1   1   1
   2   2   2  ...    1   1   1
     ...       ⋱       ...    
   2   2   2  ...    1   1   1
   2   2   2  ...    1   1   1
   2   2   2  ...    1   1   1
[torch.LongTensor of size 4x512x512]

|Loss: 1.9458410739898682 |Acc: 0.25409 
|Epoch:    5 |Variable containing:
( 0 ,.,.) = 
   6   6   2  ...    2   0   2
   2   2   2  ...    6   2   6
   6   6   2  ...    5   5   2
     ...       ⋱       ...    
   2   5   5  ...    2   5   2
   6   2   2  ...    2   2   2
   5   5   5  ...    6   2   6

( 1 ,.,.) = 
   6   6   2  ...    2   0   2
   2   2   2  ...    6   2   6
   6   6   2  ...    5   5   2
     ...       ⋱       ...    
   2   5   5  ...    2   5   2
   6   2   2  ...    2   2   2
   5   5   5  ...    6   2   6

( 2 ,.,.) = 
   6   6   2  ...    2   0   2
   2   2   2  ...    6   2   6
   6   6   2  ...    5   5   2
     ...       ⋱       ...    
   2   5   5  ...    2   5   2
   6   2   2  ...    2   2   2
   5   5   5  ...    6   2   6

( 3 ,.,.) = 
   6   6   2  ...    2   0   2
   2   2   2  ...    6   2   6
   6   6   2  ...    5   5   2
     ...       ⋱       ...    
   2   5   5  ...    2   5   2
   6   2   2  ...    2   2   2
   5   5   5  ...    6   2   6
[torch.cuda.LongTensor of size 4x512x512 (GPU 0)]


( 0 ,.,.) = 
   2   2   2  ...    2   2   2
   2   2   2  ...    2   2   2
   2   2   2  ...    2   2   2
     ...       ⋱       ...    
   2   2   2  ...    2   2   2
   2   2   2  ...    2   2   2
   2   2   2  ...    2   2   2

( 1 ,.,.) = 
   6   6   6  ...    2   2   2
   6   6   6  ...    2   2   2
   6   6   6  ...    2   2   2
     ...       ⋱       ...    
   2   2   2  ...    4   4   4
   2   2   2  ...    4   4   4
   2   2   2  ...    4   4   4

( 2 ,.,.) = 
   2   2   2  ...    2   2   2
   2   2   2  ...    2   2   2
   2   2   2  ...    2   2   2
     ...       ⋱       ...    
   2   2   2  ...    2   2   2
   2   2   2  ...    2   2   2
   2   2   2  ...    2   2   2

( 3 ,.,.) = 
   2   2   2  ...    1   1   1
   2   2   2  ...    1   1   1
   2   2   2  ...    1   1   1
     ...       ⋱       ...    
   2   2   2  ...    1   1   1
   2   2   2  ...    1   1   1
   2   2   2  ...    1   1   1
[torch.LongTensor of size 4x512x512]

|Loss: 1.9458773136138916 |Acc: 0.26695 
|Epoch:    6 |Variable containing:
( 0 ,.,.) = 
   6   6   2  ...    2   0   2
   2   2   2  ...    2   2   6
   6   6   2  ...    2   5   2
     ...       ⋱       ...    
   2   5   5  ...    2   5   2
   6   2   2  ...    2   2   2
   5   5   5  ...    6   2   6

( 1 ,.,.) = 
   6   6   2  ...    2   0   2
   2   2   2  ...    2   2   6
   6   6   2  ...    2   5   2
     ...       ⋱       ...    
   2   5   5  ...    2   5   2
   6   2   2  ...    2   2   2
   5   5   5  ...    6   2   6

( 2 ,.,.) = 
   6   6   2  ...    2   0   2
   2   2   2  ...    2   2   6
   6   6   2  ...    2   5   2
     ...       ⋱       ...    
   2   5   5  ...    2   5   2
   6   2   2  ...    2   2   2
   5   5   5  ...    6   2   6

( 3 ,.,.) = 
   6   6   2  ...    2   0   2
   2   2   2  ...    2   2   6
   6   6   2  ...    2   5   2
     ...       ⋱       ...    
   2   5   5  ...    2   5   2
   6   2   2  ...    2   2   2
   5   5   5  ...    6   2   6
[torch.cuda.LongTensor of size 4x512x512 (GPU 0)]


( 0 ,.,.) = 
   2   2   2  ...    2   2   2
   2   2   2  ...    2   2   2
   2   2   2  ...    2   2   2
     ...       ⋱       ...    
   2   2   2  ...    2   2   2
   2   2   2  ...    2   2   2
   2   2   2  ...    2   2   2

( 1 ,.,.) = 
   6   6   6  ...    2   2   2
   6   6   6  ...    2   2   2
   6   6   6  ...    2   2   2
     ...       ⋱       ...    
   2   2   2  ...    4   4   4
   2   2   2  ...    4   4   4
   2   2   2  ...    4   4   4

( 2 ,.,.) = 
   2   2   2  ...    2   2   2
   2   2   2  ...    2   2   2
   2   2   2  ...    2   2   2
     ...       ⋱       ...    
   2   2   2  ...    2   2   2
   2   2   2  ...    2   2   2
   2   2   2  ...    2   2   2

( 3 ,.,.) = 
   2   2   2  ...    1   1   1
   2   2   2  ...    1   1   1
   2   2   2  ...    1   1   1
     ...       ⋱       ...    
   2   2   2  ...    1   1   1
   2   2   2  ...    1   1   1
   2   2   2  ...    1   1   1
[torch.LongTensor of size 4x512x512]

|Loss: 1.9458545446395874 |Acc: 0.27868 
|Epoch:    7 |Variable containing:
( 0 ,.,.) = 
   6   6   2  ...    2   2   2
   2   2   2  ...    2   2   6
   2   6   2  ...    2   5   2
     ...       ⋱       ...    
   2   5   5  ...    2   5   2
   6   2   2  ...    2   2   2
   5   5   5  ...    6   2   6

( 1 ,.,.) = 
   6   6   2  ...    2   2   2
   2   2   2  ...    2   2   6
   2   6   2  ...    2   5   2
     ...       ⋱       ...    
   2   5   5  ...    2   5   2
   6   2   2  ...    2   2   2
   5   5   5  ...    6   2   6

( 2 ,.,.) = 
   6   6   2  ...    2   2   2
   2   2   2  ...    2   2   6
   2   6   2  ...    2   5   2
     ...       ⋱       ...    
   2   5   5  ...    2   5   2
   6   2   2  ...    2   2   2
   5   5   5  ...    6   2   6

( 3 ,.,.) = 
   6   6   2  ...    2   2   2
   2   2   2  ...    2   2   6
   2   6   2  ...    2   5   2
     ...       ⋱       ...    
   2   5   5  ...    2   5   2
   6   2   2  ...    2   2   2
   5   5   5  ...    6   2   6
[torch.cuda.LongTensor of size 4x512x512 (GPU 0)]


( 0 ,.,.) = 
   2   2   2  ...    2   2   2
   2   2   2  ...    2   2   2
   2   2   2  ...    2   2   2
     ...       ⋱       ...    
   2   2   2  ...    2   2   2
   2   2   2  ...    2   2   2
   2   2   2  ...    2   2   2

( 1 ,.,.) = 
   6   6   6  ...    2   2   2
   6   6   6  ...    2   2   2
   6   6   6  ...    2   2   2
     ...       ⋱       ...    
   2   2   2  ...    4   4   4
   2   2   2  ...    4   4   4
   2   2   2  ...    4   4   4

( 2 ,.,.) = 
   2   2   2  ...    2   2   2
   2   2   2  ...    2   2   2
   2   2   2  ...    2   2   2
     ...       ⋱       ...    
   2   2   2  ...    2   2   2
   2   2   2  ...    2   2   2
   2   2   2  ...    2   2   2

( 3 ,.,.) = 
   2   2   2  ...    1   1   1
   2   2   2  ...    1   1   1
   2   2   2  ...    1   1   1
     ...       ⋱       ...    
   2   2   2  ...    1   1   1
   2   2   2  ...    1   1   1
   2   2   2  ...    1   1   1
[torch.LongTensor of size 4x512x512]

|Loss: 1.9458621740341187 |Acc: 0.29085 
|Epoch:    8 |Variable containing:
( 0 ,.,.) = 
   6   6   2  ...    2   2   2
   2   2   2  ...    2   2   6
   2   6   2  ...    2   2   2
     ...       ⋱       ...    
   2   5   5  ...    2   5   2
   6   2   2  ...    2   2   2
   5   5   5  ...    6   2   6

( 1 ,.,.) = 
   6   6   2  ...    2   2   2
   2   2   2  ...    2   2   6
   2   6   2  ...    2   2   2
     ...       ⋱       ...    
   2   5   5  ...    2   5   2
   6   2   2  ...    2   2   2
   5   5   5  ...    6   2   6

( 2 ,.,.) = 
   6   6   2  ...    2   2   2
   2   2   2  ...    2   2   6
   2   6   2  ...    2   2   2
     ...       ⋱       ...    
   2   5   5  ...    2   5   2
   6   2   2  ...    2   2   2
   5   5   5  ...    6   2   6

( 3 ,.,.) = 
   6   6   2  ...    2   2   2
   2   2   2  ...    2   2   6
   2   6   2  ...    2   2   2
     ...       ⋱       ...    
   2   5   5  ...    2   5   2
   6   2   2  ...    2   2   2
   5   5   5  ...    6   2   6
[torch.cuda.LongTensor of size 4x512x512 (GPU 0)]


( 0 ,.,.) = 
   2   2   2  ...    2   2   2
   2   2   2  ...    2   2   2
   2   2   2  ...    2   2   2
     ...       ⋱       ...    
   2   2   2  ...    2   2   2
   2   2   2  ...    2   2   2
   2   2   2  ...    2   2   2

( 1 ,.,.) = 
   6   6   6  ...    2   2   2
   6   6   6  ...    2   2   2
   6   6   6  ...    2   2   2
     ...       ⋱       ...    
   2   2   2  ...    4   4   4
   2   2   2  ...    4   4   4
   2   2   2  ...    4   4   4

( 2 ,.,.) = 
   2   2   2  ...    2   2   2
   2   2   2  ...    2   2   2
   2   2   2  ...    2   2   2
     ...       ⋱       ...    
   2   2   2  ...    2   2   2
   2   2   2  ...    2   2   2
   2   2   2  ...    2   2   2

( 3 ,.,.) = 
   2   2   2  ...    1   1   1
   2   2   2  ...    1   1   1
   2   2   2  ...    1   1   1
     ...       ⋱       ...    
   2   2   2  ...    1   1   1
   2   2   2  ...    1   1   1
   2   2   2  ...    1   1   1
[torch.LongTensor of size 4x512x512]

|Loss: 1.9458016157150269 |Acc: 0.30426 
|Epoch:    9 |Variable containing:
( 0 ,.,.) = 
   2   6   2  ...    2   2   2
   2   2   2  ...    2   2   6
   2   6   2  ...    2   2   2
     ...       ⋱       ...    
   2   5   5  ...    2   5   2
   6   2   2  ...    2   2   2
   5   5   5  ...    6   2   6

( 1 ,.,.) = 
   2   6   2  ...    2   2   2
   2   2   2  ...    2   2   6
   2   6   2  ...    2   2   2
     ...       ⋱       ...    
   2   5   5  ...    2   5   2
   6   2   2  ...    2   2   2
   5   5   5  ...    6   2   6

( 2 ,.,.) = 
   2   6   2  ...    2   2   2
   2   2   2  ...    2   2   6
   2   6   2  ...    2   2   2
     ...       ⋱       ...    
   2   5   5  ...    2   5   2
   6   2   2  ...    2   2   2
   5   5   5  ...    6   2   6

( 3 ,.,.) = 
   2   6   2  ...    2   2   2
   2   2   2  ...    2   2   6
   2   6   2  ...    2   2   2
     ...       ⋱       ...    
   2   5   5  ...    2   5   2
   6   2   2  ...    2   2   2
   5   5   5  ...    6   2   6
[torch.cuda.LongTensor of size 4x512x512 (GPU 0)]


( 0 ,.,.) = 
   2   2   2  ...    2   2   2
   2   2   2  ...    2   2   2
   2   2   2  ...    2   2   2
     ...       ⋱       ...    
   2   2   2  ...    2   2   2
   2   2   2  ...    2   2   2
   2   2   2  ...    2   2   2

( 1 ,.,.) = 
   6   6   6  ...    2   2   2
   6   6   6  ...    2   2   2
   6   6   6  ...    2   2   2
     ...       ⋱       ...    
   2   2   2  ...    4   4   4
   2   2   2  ...    4   4   4
   2   2   2  ...    4   4   4

( 2 ,.,.) = 
   2   2   2  ...    2   2   2
   2   2   2  ...    2   2   2
   2   2   2  ...    2   2   2
     ...       ⋱       ...    
   2   2   2  ...    2   2   2
   2   2   2  ...    2   2   2
   2   2   2  ...    2   2   2

( 3 ,.,.) = 
   2   2   2  ...    1   1   1
   2   2   2  ...    1   1   1
   2   2   2  ...    1   1   1
     ...       ⋱       ...    
   2   2   2  ...    1   1   1
   2   2   2  ...    1   1   1
   2   2   2  ...    1   1   1
[torch.LongTensor of size 4x512x512]
/usr/local/lib/python3.6/dist-packages/h5py/__init__.py:36: FutureWarning: Conversion of the second argument of issubdtype from `float` to `np.floating` is deprecated. In future, it will be treated as `np.float64 == np.dtype(float).type`.
  from ._conv import register_converters as _register_converters
/home/jack/DLCV2018SPRING/hw3/model.py:131: UserWarning: src is not broadcastable to dst, but they have the same number of elements.  Falling back to deprecated pointwise behavior.
  self.state_dict()[layers[index]].copy_(weights)

|Loss: 1.9458134174346924 |Acc: 0.31624 
|Epoch:   10 |Variable containing:
( 0 ,.,.) = 
   2   6   2  ...    2   2   2
   2   2   2  ...    2   2   6
   2   6   2  ...    2   2   2
     ...       ⋱       ...    
   2   5   5  ...    2   5   2
   6   2   2  ...    2   2   2
   5   5   2  ...    6   2   6

( 1 ,.,.) = 
   2   6   2  ...    2   2   2
   2   2   2  ...    2   2   6
   2   6   2  ...    2   2   2
     ...       ⋱       ...    
   2   5   5  ...    2   5   2
   6   2   2  ...    2   2   2
   5   5   2  ...    6   2   6

( 2 ,.,.) = 
   2   6   2  ...    2   2   2
   2   2   2  ...    2   2   6
   2   6   2  ...    2   2   2
     ...       ⋱       ...    
   2   5   5  ...    2   5   2
   6   2   2  ...    2   2   2
   5   5   2  ...    6   2   6

( 3 ,.,.) = 
   2   6   2  ...    2   2   2
   2   2   2  ...    2   2   6
   2   6   2  ...    2   2   2
     ...       ⋱       ...    
   2   5   5  ...    2   5   2
   6   2   2  ...    2   2   2
   5   5   2  ...    6   2   6
[torch.cuda.LongTensor of size 4x512x512 (GPU 0)]


( 0 ,.,.) = 
   2   2   2  ...    2   2   2
   2   2   2  ...    2   2   2
   2   2   2  ...    2   2   2
     ...       ⋱       ...    
   2   2   2  ...    2   2   2
   2   2   2  ...    2   2   2
   2   2   2  ...    2   2   2

( 1 ,.,.) = 
   6   6   6  ...    2   2   2
   6   6   6  ...    2   2   2
   6   6   6  ...    2   2   2
     ...       ⋱       ...    
   2   2   2  ...    4   4   4
   2   2   2  ...    4   4   4
   2   2   2  ...    4   4   4

( 2 ,.,.) = 
   2   2   2  ...    2   2   2
   2   2   2  ...    2   2   2
   2   2   2  ...    2   2   2
     ...       ⋱       ...    
   2   2   2  ...    2   2   2
   2   2   2  ...    2   2   2
   2   2   2  ...    2   2   2

( 3 ,.,.) = 
   2   2   2  ...    1   1   1
   2   2   2  ...    1   1   1
   2   2   2  ...    1   1   1
     ...       ⋱       ...    
   2   2   2  ...    1   1   1
   2   2   2  ...    1   1   1
   2   2   2  ...    1   1   1
[torch.LongTensor of size 4x512x512]

|Loss: 1.9458414316177368 |Acc: 0.32728 
======== Load Data ========
======== Train Data ========
|Epoch:    1 |Variable containing:
( 0 ,.,.) = 
   0   0   1  ...    4   0   6
   1   0   5  ...    0   1   1
   1   0   1  ...    4   6   0
     ...       ⋱       ...    
   5   1   0  ...    1   0   0
   0   0   2  ...    1   0   1
   5   0   2  ...    1   0   0

( 1 ,.,.) = 
   0   0   1  ...    4   0   6
   1   0   5  ...    0   1   1
   1   0   1  ...    4   6   0
     ...       ⋱       ...    
   5   1   0  ...    1   0   0
   0   0   2  ...    1   0   1
   5   0   2  ...    1   0   0

( 2 ,.,.) = 
   0   0   1  ...    4   0   6
   1   0   5  ...    0   1   1
   1   0   1  ...    4   6   0
     ...       ⋱       ...    
   5   1   0  ...    1   0   0
   0   0   2  ...    1   0   1
   5   0   2  ...    1   0   0

( 3 ,.,.) = 
   0   0   1  ...    4   0   6
   1   0   5  ...    0   1   1
   1   0   1  ...    4   6   0
     ...       ⋱       ...    
   5   1   0  ...    1   0   0
   0   0   2  ...    1   0   1
   5   0   2  ...    1   0   0
[torch.cuda.LongTensor of size 4x512x512 (GPU 0)]


( 0 ,.,.) = 
   2   2   2  ...    2   2   2
   2   2   2  ...    2   2   2
   2   2   2  ...    2   2   2
     ...       ⋱       ...    
   2   2   2  ...    2   2   2
   2   2   2  ...    2   2   2
   2   2   2  ...    2   2   2

( 1 ,.,.) = 
   6   6   6  ...    2   2   2
   6   6   6  ...    2   2   2
   6   6   6  ...    2   2   2
     ...       ⋱       ...    
   2   2   2  ...    4   4   4
   2   2   2  ...    4   4   4
   2   2   2  ...    4   4   4

( 2 ,.,.) = 
   2   2   2  ...    2   2   2
   2   2   2  ...    2   2   2
   2   2   2  ...    2   2   2
     ...       ⋱       ...    
   2   2   2  ...    2   2   2
   2   2   2  ...    2   2   2
   2   2   2  ...    2   2   2

( 3 ,.,.) = 
   2   2   2  ...    1   1   1
   2   2   2  ...    1   1   1
   2   2   2  ...    1   1   1
     ...       ⋱       ...    
   2   2   2  ...    1   1   1
   2   2   2  ...    1   1   1
   2   2   2  ...    1   1   1
[torch.LongTensor of size 4x512x512]

|Loss: 1.9458937644958496 |Acc: 0.13612 
|Epoch:    2 |Variable containing:
( 0 ,.,.) = 
   0   0   1  ...    4   0   6
   1   0   5  ...    0   1   1
   1   0   1  ...    4   6   0
     ...       ⋱       ...    
   5   1   0  ...    1   0   0
   0   0   2  ...    1   0   1
   5   0   2  ...    1   0   0

( 1 ,.,.) = 
   0   0   1  ...    4   0   6
   1   0   5  ...    0   1   1
   1   0   1  ...    4   6   0
     ...       ⋱       ...    
   5   1   0  ...    1   0   0
   0   0   2  ...    1   0   1
   5   0   2  ...    1   0   0

( 2 ,.,.) = 
   0   0   1  ...    4   0   6
   1   0   5  ...    0   1   1
   1   0   1  ...    4   6   0
     ...       ⋱       ...    
   5   1   0  ...    1   0   0
   0   0   2  ...    1   0   1
   5   0   2  ...    1   0   0

( 3 ,.,.) = 
   0   0   1  ...    4   0   6
   1   0   5  ...    0   1   1
   1   0   1  ...    4   6   0
     ...       ⋱       ...    
   5   1   0  ...    1   0   0
   0   0   2  ...    1   0   1
   5   0   2  ...    1   0   0
[torch.cuda.LongTensor of size 4x512x512 (GPU 0)]


( 0 ,.,.) = 
   2   2   2  ...    2   2   2
   2   2   2  ...    2   2   2
   2   2   2  ...    2   2   2
     ...       ⋱       ...    
   2   2   2  ...    2   2   2
   2   2   2  ...    2   2   2
   2   2   2  ...    2   2   2

( 1 ,.,.) = 
   6   6   6  ...    2   2   2
   6   6   6  ...    2   2   2
   6   6   6  ...    2   2   2
     ...       ⋱       ...    
   2   2   2  ...    4   4   4
   2   2   2  ...    4   4   4
   2   2   2  ...    4   4   4

( 2 ,.,.) = 
   2   2   2  ...    2   2   2
   2   2   2  ...    2   2   2
   2   2   2  ...    2   2   2
     ...       ⋱       ...    
   2   2   2  ...    2   2   2
   2   2   2  ...    2   2   2
   2   2   2  ...    2   2   2

( 3 ,.,.) = 
   2   2   2  ...    1   1   1
   2   2   2  ...    1   1   1
   2   2   2  ...    1   1   1
     ...       ⋱       ...    
   2   2   2  ...    1   1   1
   2   2   2  ...    1   1   1
   2   2   2  ...    1   1   1
[torch.LongTensor of size 4x512x512]

|Loss: 1.9459037780761719 |Acc: 0.14153 
|Epoch:    3 |Variable containing:
( 0 ,.,.) = 
   0   0   1  ...    4   0   6
   1   0   5  ...    0   1   1
   1   0   1  ...    4   6   1
     ...       ⋱       ...    
   5   1   0  ...    1   0   0
   0   0   2  ...    1   0   1
   5   0   2  ...    1   0   0

( 1 ,.,.) = 
   0   0   1  ...    4   0   6
   1   0   5  ...    0   1   1
   1   0   1  ...    4   6   1
     ...       ⋱       ...    
   5   1   0  ...    1   0   0
   0   0   2  ...    1   0   1
   5   0   2  ...    1   0   0

( 2 ,.,.) = 
   0   0   1  ...    4   0   6
   1   0   5  ...    0   1   1
   1   0   1  ...    4   6   1
     ...       ⋱       ...    
   5   1   0  ...    1   0   0
   0   0   2  ...    1   0   1
   5   0   2  ...    1   0   0

( 3 ,.,.) = 
   0   0   1  ...    4   0   6
   1   0   5  ...    0   1   1
   1   0   1  ...    4   6   1
     ...       ⋱       ...    
   5   1   0  ...    1   0   0
   0   0   2  ...    1   0   1
   5   0   2  ...    1   0   0
[torch.cuda.LongTensor of size 4x512x512 (GPU 0)]


( 0 ,.,.) = 
   2   2   2  ...    2   2   2
   2   2   2  ...    2   2   2
   2   2   2  ...    2   2   2
     ...       ⋱       ...    
   2   2   2  ...    2   2   2
   2   2   2  ...    2   2   2
   2   2   2  ...    2   2   2

( 1 ,.,.) = 
   6   6   6  ...    2   2   2
   6   6   6  ...    2   2   2
   6   6   6  ...    2   2   2
     ...       ⋱       ...    
   2   2   2  ...    4   4   4
   2   2   2  ...    4   4   4
   2   2   2  ...    4   4   4

( 2 ,.,.) = 
   2   2   2  ...    2   2   2
   2   2   2  ...    2   2   2
   2   2   2  ...    2   2   2
     ...       ⋱       ...    
   2   2   2  ...    2   2   2
   2   2   2  ...    2   2   2
   2   2   2  ...    2   2   2

( 3 ,.,.) = 
   2   2   2  ...    1   1   1
   2   2   2  ...    1   1   1
   2   2   2  ...    1   1   1
     ...       ⋱       ...    
   2   2   2  ...    1   1   1
   2   2   2  ...    1   1   1
   2   2   2  ...    1   1   1
[torch.LongTensor of size 4x512x512]

|Loss: 1.945923924446106 |Acc: 0.14681 
|Epoch:    4 |Variable containing:
( 0 ,.,.) = 
   0   0   1  ...    4   0   6
   1   0   5  ...    0   1   1
   1   0   1  ...    4   6   1
     ...       ⋱       ...    
   5   1   0  ...    1   0   2
   0   0   2  ...    1   0   1
   5   0   2  ...    1   0   0

( 1 ,.,.) = 
   0   0   1  ...    4   0   6
   1   0   5  ...    0   1   1
   1   0   1  ...    4   6   1
     ...       ⋱       ...    
   5   1   0  ...    1   0   2
   0   0   2  ...    1   0   1
   5   0   2  ...    1   0   0

( 2 ,.,.) = 
   0   0   1  ...    4   0   6
   1   0   5  ...    0   1   1
   1   0   1  ...    4   6   1
     ...       ⋱       ...    
   5   1   0  ...    1   0   2
   0   0   2  ...    1   0   1
   5   0   2  ...    1   0   0

( 3 ,.,.) = 
   0   0   1  ...    4   0   6
   1   0   5  ...    0   1   1
   1   0   1  ...    4   6   1
     ...       ⋱       ...    
   5   1   0  ...    1   0   2
   0   0   2  ...    1   0   1
   5   0   2  ...    1   0   0
[torch.cuda.LongTensor of size 4x512x512 (GPU 0)]


( 0 ,.,.) = 
   2   2   2  ...    2   2   2
   2   2   2  ...    2   2   2
   2   2   2  ...    2   2   2
     ...       ⋱       ...    
   2   2   2  ...    2   2   2
   2   2   2  ...    2   2   2
   2   2   2  ...    2   2   2

( 1 ,.,.) = 
   6   6   6  ...    2   2   2
   6   6   6  ...    2   2   2
   6   6   6  ...    2   2   2
     ...       ⋱       ...    
   2   2   2  ...    4   4   4
   2   2   2  ...    4   4   4
   2   2   2  ...    4   4   4

( 2 ,.,.) = 
   2   2   2  ...    2   2   2
   2   2   2  ...    2   2   2
   2   2   2  ...    2   2   2
     ...       ⋱       ...    
   2   2   2  ...    2   2   2
   2   2   2  ...    2   2   2
   2   2   2  ...    2   2   2

( 3 ,.,.) = 
   2   2   2  ...    1   1   1
   2   2   2  ...    1   1   1
   2   2   2  ...    1   1   1
     ...       ⋱       ...    
   2   2   2  ...    1   1   1
   2   2   2  ...    1   1   1
   2   2   2  ...    1   1   1
[torch.LongTensor of size 4x512x512]

|Loss: 1.94590163230896 |Acc: 0.15136 
|Epoch:    5 |Variable containing:
( 0 ,.,.) = 
   0   0   1  ...    4   0   6
   1   0   2  ...    0   1   1
   1   0   1  ...    4   6   1
     ...       ⋱       ...    
   5   1   0  ...    1   0   2
   0   0   2  ...    1   0   1
   5   0   2  ...    1   0   0

( 1 ,.,.) = 
   0   0   1  ...    4   0   6
   1   0   2  ...    0   1   1
   1   0   1  ...    4   6   1
     ...       ⋱       ...    
   5   1   0  ...    1   0   2
   0   0   2  ...    1   0   1
   5   0   2  ...    1   0   0

( 2 ,.,.) = 
   0   0   1  ...    4   0   6
   1   0   2  ...    0   1   1
   1   0   1  ...    4   6   1
     ...       ⋱       ...    
   5   1   0  ...    1   0   2
   0   0   2  ...    1   0   1
   5   0   2  ...    1   0   0

( 3 ,.,.) = 
   0   0   1  ...    4   0   6
   1   0   2  ...    0   1   1
   1   0   1  ...    4   6   1
     ...       ⋱       ...    
   5   1   0  ...    1   0   2
   0   0   2  ...    1   0   1
   5   0   2  ...    1   0   0
[torch.cuda.LongTensor of size 4x512x512 (GPU 0)]


( 0 ,.,.) = 
   2   2   2  ...    2   2   2
   2   2   2  ...    2   2   2
   2   2   2  ...    2   2   2
     ...       ⋱       ...    
   2   2   2  ...    2   2   2
   2   2   2  ...    2   2   2
   2   2   2  ...    2   2   2

( 1 ,.,.) = 
   6   6   6  ...    2   2   2
   6   6   6  ...    2   2   2
   6   6   6  ...    2   2   2
     ...       ⋱       ...    
   2   2   2  ...    4   4   4
   2   2   2  ...    4   4   4
   2   2   2  ...    4   4   4

( 2 ,.,.) = 
   2   2   2  ...    2   2   2
   2   2   2  ...    2   2   2
   2   2   2  ...    2   2   2
     ...       ⋱       ...    
   2   2   2  ...    2   2   2
   2   2   2  ...    2   2   2
   2   2   2  ...    2   2   2

( 3 ,.,.) = 
   2   2   2  ...    1   1   1
   2   2   2  ...    1   1   1
   2   2   2  ...    1   1   1
     ...       ⋱       ...    
   2   2   2  ...    1   1   1
   2   2   2  ...    1   1   1
   2   2   2  ...    1   1   1
[torch.LongTensor of size 4x512x512]

|Loss: 1.9458987712860107 |Acc: 0.15736 
|Epoch:    6 |Variable containing:
( 0 ,.,.) = 
   0   0   1  ...    4   0   6
   1   0   2  ...    0   1   1
   1   0   1  ...    4   6   1
     ...       ⋱       ...    
   5   1   0  ...    1   0   2
   0   0   2  ...    1   0   1
   5   0   2  ...    1   0   0

( 1 ,.,.) = 
   0   0   1  ...    4   0   6
   1   0   2  ...    0   1   1
   1   0   1  ...    4   6   1
     ...       ⋱       ...    
   5   1   0  ...    1   0   2
   0   0   2  ...    1   0   1
   5   0   2  ...    1   0   0

( 2 ,.,.) = 
   0   0   1  ...    4   0   6
   1   0   2  ...    0   1   1
   1   0   1  ...    4   6   1
     ...       ⋱       ...    
   5   1   0  ...    1   0   2
   0   0   2  ...    1   0   1
   5   0   2  ...    1   0   0

( 3 ,.,.) = 
   0   0   1  ...    4   0   6
   1   0   2  ...    0   1   1
   1   0   1  ...    4   6   1
     ...       ⋱       ...    
   5   1   0  ...    1   0   2
   0   0   2  ...    1   0   1
   5   0   2  ...    1   0   0
[torch.cuda.LongTensor of size 4x512x512 (GPU 0)]


( 0 ,.,.) = 
   2   2   2  ...    2   2   2
   2   2   2  ...    2   2   2
   2   2   2  ...    2   2   2
     ...       ⋱       ...    
   2   2   2  ...    2   2   2
   2   2   2  ...    2   2   2
   2   2   2  ...    2   2   2

( 1 ,.,.) = 
   6   6   6  ...    2   2   2
   6   6   6  ...    2   2   2
   6   6   6  ...    2   2   2
     ...       ⋱       ...    
   2   2   2  ...    4   4   4
   2   2   2  ...    4   4   4
   2   2   2  ...    4   4   4

( 2 ,.,.) = 
   2   2   2  ...    2   2   2
   2   2   2  ...    2   2   2
   2   2   2  ...    2   2   2
     ...       ⋱       ...    
   2   2   2  ...    2   2   2
   2   2   2  ...    2   2   2
   2   2   2  ...    2   2   2

( 3 ,.,.) = 
   2   2   2  ...    1   1   1
   2   2   2  ...    1   1   1
   2   2   2  ...    1   1   1
     ...       ⋱       ...    
   2   2   2  ...    1   1   1
   2   2   2  ...    1   1   1
   2   2   2  ...    1   1   1
[torch.LongTensor of size 4x512x512]

|Loss: 1.9458911418914795 |Acc: 0.16181 
|Epoch:    7 |Variable containing:
( 0 ,.,.) = 
   0   0   1  ...    4   0   6
   1   0   2  ...    0   1   1
   1   0   2  ...    4   6   1
     ...       ⋱       ...    
   5   1   0  ...    1   0   2
   0   0   2  ...    1   0   1
   5   0   2  ...    1   0   0

( 1 ,.,.) = 
   0   0   1  ...    4   0   6
   1   0   2  ...    0   1   1
   1   0   2  ...    4   6   1
     ...       ⋱       ...    
   5   1   0  ...    1   0   2
   0   0   2  ...    1   0   1
   5   0   2  ...    1   0   0

( 2 ,.,.) = 
   0   0   1  ...    4   0   6
   1   0   2  ...    0   1   1
   1   0   2  ...    4   6   1
     ...       ⋱       ...    
   5   1   0  ...    1   0   2
   0   0   2  ...    1   0   1
   5   0   2  ...    1   0   0

( 3 ,.,.) = 
   0   0   1  ...    4   0   6
   1   0   2  ...    0   1   1
   1   0   2  ...    4   6   1
     ...       ⋱       ...    
   5   1   0  ...    1   0   2
   0   0   2  ...    1   0   1
   5   0   2  ...    1   0   0
[torch.cuda.LongTensor of size 4x512x512 (GPU 0)]


( 0 ,.,.) = 
   2   2   2  ...    2   2   2
   2   2   2  ...    2   2   2
   2   2   2  ...    2   2   2
     ...       ⋱       ...    
   2   2   2  ...    2   2   2
   2   2   2  ...    2   2   2
   2   2   2  ...    2   2   2

( 1 ,.,.) = 
   6   6   6  ...    2   2   2
   6   6   6  ...    2   2   2
   6   6   6  ...    2   2   2
     ...       ⋱       ...    
   2   2   2  ...    4   4   4
   2   2   2  ...    4   4   4
   2   2   2  ...    4   4   4

( 2 ,.,.) = 
   2   2   2  ...    2   2   2
   2   2   2  ...    2   2   2
   2   2   2  ...    2   2   2
     ...       ⋱       ...    
   2   2   2  ...    2   2   2
   2   2   2  ...    2   2   2
   2   2   2  ...    2   2   2

( 3 ,.,.) = 
   2   2   2  ...    1   1   1
   2   2   2  ...    1   1   1
   2   2   2  ...    1   1   1
     ...       ⋱       ...    
   2   2   2  ...    1   1   1
   2   2   2  ...    1   1   1
   2   2   2  ...    1   1   1
[torch.LongTensor of size 4x512x512]

|Loss: 1.9458918571472168 |Acc: 0.16529 
|Epoch:    8 |Variable containing:
( 0 ,.,.) = 
   0   0   1  ...    4   0   6
   1   0   2  ...    0   1   1
   1   0   2  ...    4   6   1
     ...       ⋱       ...    
   5   1   0  ...    1   0   2
   0   0   2  ...    1   0   1
   5   0   2  ...    1   0   0

( 1 ,.,.) = 
   0   0   1  ...    4   0   6
   1   0   2  ...    0   1   1
   1   0   2  ...    4   6   1
     ...       ⋱       ...    
   5   1   0  ...    1   0   2
   0   0   2  ...    1   0   1
   5   0   2  ...    1   0   0

( 2 ,.,.) = 
   0   0   1  ...    4   0   6
   1   0   2  ...    0   1   1
   1   0   2  ...    4   6   1
     ...       ⋱       ...    
   5   1   0  ...    1   0   2
   0   0   2  ...    1   0   1
   5   0   2  ...    1   0   0

( 3 ,.,.) = 
   0   0   1  ...    4   0   6
   1   0   2  ...    0   1   1
   1   0   2  ...    4   6   1
     ...       ⋱       ...    
   5   1   0  ...    1   0   2
   0   0   2  ...    1   0   1
   5   0   2  ...    1   0   0
[torch.cuda.LongTensor of size 4x512x512 (GPU 0)]


( 0 ,.,.) = 
   2   2   2  ...    2   2   2
   2   2   2  ...    2   2   2
   2   2   2  ...    2   2   2
     ...       ⋱       ...    
   2   2   2  ...    2   2   2
   2   2   2  ...    2   2   2
   2   2   2  ...    2   2   2

( 1 ,.,.) = 
   6   6   6  ...    2   2   2
   6   6   6  ...    2   2   2
   6   6   6  ...    2   2   2
     ...       ⋱       ...    
   2   2   2  ...    4   4   4
   2   2   2  ...    4   4   4
   2   2   2  ...    4   4   4

( 2 ,.,.) = 
   2   2   2  ...    2   2   2
   2   2   2  ...    2   2   2
   2   2   2  ...    2   2   2
     ...       ⋱       ...    
   2   2   2  ...    2   2   2
   2   2   2  ...    2   2   2
   2   2   2  ...    2   2   2

( 3 ,.,.) = 
   2   2   2  ...    1   1   1
   2   2   2  ...    1   1   1
   2   2   2  ...    1   1   1
     ...       ⋱       ...    
   2   2   2  ...    1   1   1
   2   2   2  ...    1   1   1
   2   2   2  ...    1   1   1
[torch.LongTensor of size 4x512x512]

|Loss: 1.9458917379379272 |Acc: 0.16872 
|Epoch:    9 |Variable containing:
( 0 ,.,.) = 
   0   0   1  ...    4   0   6
   2   0   2  ...    0   1   1
   1   0   2  ...    4   6   1
     ...       ⋱       ...    
   5   1   0  ...    1   0   2
   0   0   2  ...    1   0   1
   5   0   2  ...    1   0   0

( 1 ,.,.) = 
   0   0   1  ...    4   0   6
   2   0   2  ...    0   1   1
   1   0   2  ...    4   6   1
     ...       ⋱       ...    
   5   1   0  ...    1   0   2
   0   0   2  ...    1   0   1
   5   0   2  ...    1   0   0

( 2 ,.,.) = 
   0   0   1  ...    4   0   6
   2   0   2  ...    0   1   1
   1   0   2  ...    4   6   1
     ...       ⋱       ...    
   5   1   0  ...    1   0   2
   0   0   2  ...    1   0   1
   5   0   2  ...    1   0   0

( 3 ,.,.) = 
   0   0   1  ...    4   0   6
   2   0   2  ...    0   1   1
   1   0   2  ...    4   6   1
     ...       ⋱       ...    
   5   1   0  ...    1   0   2
   0   0   2  ...    1   0   1
   5   0   2  ...    1   0   0
[torch.cuda.LongTensor of size 4x512x512 (GPU 0)]


( 0 ,.,.) = 
   2   2   2  ...    2   2   2
   2   2   2  ...    2   2   2
   2   2   2  ...    2   2   2
     ...       ⋱       ...    
   2   2   2  ...    2   2   2
   2   2   2  ...    2   2   2
   2   2   2  ...    2   2   2

( 1 ,.,.) = 
   6   6   6  ...    2   2   2
   6   6   6  ...    2   2   2
   6   6   6  ...    2   2   2
     ...       ⋱       ...    
   2   2   2  ...    4   4   4
   2   2   2  ...    4   4   4
   2   2   2  ...    4   4   4

( 2 ,.,.) = 
   2   2   2  ...    2   2   2
   2   2   2  ...    2   2   2
   2   2   2  ...    2   2   2
     ...       ⋱       ...    
   2   2   2  ...    2   2   2
   2   2   2  ...    2   2   2
   2   2   2  ...    2   2   2

( 3 ,.,.) = 
   2   2   2  ...    1   1   1
   2   2   2  ...    1   1   1
   2   2   2  ...    1   1   1
     ...       ⋱       ...    
   2   2   2  ...    1   1   1
   2   2   2  ...    1   1   1
   2   2   2  ...    1   1   1
[torch.LongTensor of size 4x512x512]
/usr/local/lib/python3.6/dist-packages/h5py/__init__.py:36: FutureWarning: Conversion of the second argument of issubdtype from `float` to `np.floating` is deprecated. In future, it will be treated as `np.float64 == np.dtype(float).type`.
  from ._conv import register_converters as _register_converters
/home/jack/DLCV2018SPRING/hw3/model.py:131: UserWarning: src is not broadcastable to dst, but they have the same number of elements.  Falling back to deprecated pointwise behavior.
  self.state_dict()[layers[index]].copy_(weights)

|Loss: 1.9459196329116821 |Acc: 0.17306 
|Epoch:   10 |Variable containing:
( 0 ,.,.) = 
   0   0   1  ...    4   0   2
   2   0   2  ...    0   1   1
   1   0   2  ...    4   6   1
     ...       ⋱       ...    
   5   1   0  ...    1   0   2
   0   0   2  ...    1   0   1
   5   0   2  ...    1   0   0

( 1 ,.,.) = 
   0   0   1  ...    4   0   2
   2   0   2  ...    0   1   1
   1   0   2  ...    4   6   1
     ...       ⋱       ...    
   5   1   0  ...    1   0   2
   0   0   2  ...    1   0   1
   5   0   2  ...    1   0   0

( 2 ,.,.) = 
   0   0   1  ...    4   0   2
   2   0   2  ...    0   1   1
   1   0   2  ...    4   6   1
     ...       ⋱       ...    
   5   1   0  ...    1   0   2
   0   0   2  ...    1   0   1
   5   0   2  ...    1   0   0

( 3 ,.,.) = 
   0   0   1  ...    4   0   2
   2   0   2  ...    0   1   1
   1   0   2  ...    4   6   1
     ...       ⋱       ...    
   5   1   0  ...    1   0   2
   0   0   2  ...    1   0   1
   5   0   2  ...    1   0   0
[torch.cuda.LongTensor of size 4x512x512 (GPU 0)]


( 0 ,.,.) = 
   2   2   2  ...    2   2   2
   2   2   2  ...    2   2   2
   2   2   2  ...    2   2   2
     ...       ⋱       ...    
   2   2   2  ...    2   2   2
   2   2   2  ...    2   2   2
   2   2   2  ...    2   2   2

( 1 ,.,.) = 
   6   6   6  ...    2   2   2
   6   6   6  ...    2   2   2
   6   6   6  ...    2   2   2
     ...       ⋱       ...    
   2   2   2  ...    4   4   4
   2   2   2  ...    4   4   4
   2   2   2  ...    4   4   4

( 2 ,.,.) = 
   2   2   2  ...    2   2   2
   2   2   2  ...    2   2   2
   2   2   2  ...    2   2   2
     ...       ⋱       ...    
   2   2   2  ...    2   2   2
   2   2   2  ...    2   2   2
   2   2   2  ...    2   2   2

( 3 ,.,.) = 
   2   2   2  ...    1   1   1
   2   2   2  ...    1   1   1
   2   2   2  ...    1   1   1
     ...       ⋱       ...    
   2   2   2  ...    1   1   1
   2   2   2  ...    1   1   1
   2   2   2  ...    1   1   1
[torch.LongTensor of size 4x512x512]

|Loss: 1.9458848237991333 |Acc: 0.17694 
Killed
======== Load Data ========
======== Train Data ========
|Epoch:    1 |Variable containing:
( 0 ,.,.) = 
   2   1   2  ...    2   2   2
   2   2   2  ...    2   1   2
   2   2   2  ...    2   0   2
     ...       ⋱       ...    
   2   2   2  ...    2   2   2
   2   0   2  ...    2   2   4
   2   0   2  ...    2   0   2

( 1 ,.,.) = 
   2   1   2  ...    2   2   2
   2   2   2  ...    2   1   2
   2   2   2  ...    2   0   2
     ...       ⋱       ...    
   2   2   2  ...    2   2   2
   2   0   2  ...    2   2   4
   2   0   2  ...    2   0   2

( 2 ,.,.) = 
   2   1   2  ...    2   2   2
   2   2   2  ...    2   1   2
   2   2   2  ...    2   0   2
     ...       ⋱       ...    
   2   2   2  ...    2   2   2
   2   0   2  ...    2   2   4
   2   0   2  ...    2   0   2

( 3 ,.,.) = 
   2   1   2  ...    2   2   2
   2   2   2  ...    2   1   2
   2   2   2  ...    2   0   2
     ...       ⋱       ...    
   2   2   2  ...    2   2   2
   2   0   2  ...    2   2   4
   2   0   2  ...    2   0   2
[torch.cuda.LongTensor of size 4x512x512 (GPU 0)]


( 0 ,.,.) = 
   2   2   2  ...    2   2   2
   2   2   2  ...    2   2   2
   2   2   2  ...    2   2   2
     ...       ⋱       ...    
   2   2   2  ...    2   2   2
   2   2   2  ...    2   2   2
   2   2   2  ...    2   2   2

( 1 ,.,.) = 
   6   6   6  ...    2   2   2
   6   6   6  ...    2   2   2
   6   6   6  ...    2   2   2
     ...       ⋱       ...    
   2   2   2  ...    4   4   4
   2   2   2  ...    4   4   4
   2   2   2  ...    4   4   4

( 2 ,.,.) = 
   2   2   2  ...    2   2   2
   2   2   2  ...    2   2   2
   2   2   2  ...    2   2   2
     ...       ⋱       ...    
   2   2   2  ...    2   2   2
   2   2   2  ...    2   2   2
   2   2   2  ...    2   2   2

( 3 ,.,.) = 
   2   2   2  ...    1   1   1
   2   2   2  ...    1   1   1
   2   2   2  ...    1   1   1
     ...       ⋱       ...    
   2   2   2  ...    1   1   1
   2   2   2  ...    1   1   1
   2   2   2  ...    1   1   1
[torch.LongTensor of size 4x512x512]

|Loss: 1.9457714557647705 |Acc: 0.36686 
|Epoch:    2 |Variable containing:
( 0 ,.,.) = 
   2   2   2  ...    2   2   2
   2   2   2  ...    2   2   2
   2   2   2  ...    2   0   2
     ...       ⋱       ...    
   2   2   2  ...    2   2   2
   2   0   2  ...    2   2   2
   2   2   2  ...    2   2   2

( 1 ,.,.) = 
   2   2   2  ...    2   2   2
   2   2   2  ...    2   2   2
   2   2   2  ...    2   0   2
     ...       ⋱       ...    
   2   2   2  ...    2   2   2
   2   0   2  ...    2   2   2
   2   2   2  ...    2   2   2

( 2 ,.,.) = 
   2   2   2  ...    2   2   2
   2   2   2  ...    2   2   2
   2   2   2  ...    2   0   2
     ...       ⋱       ...    
   2   2   2  ...    2   2   2
   2   0   2  ...    2   2   2
   2   2   2  ...    2   2   2

( 3 ,.,.) = 
   2   2   2  ...    2   2   2
   2   2   2  ...    2   2   2
   2   2   2  ...    2   0   2
     ...       ⋱       ...    
   2   2   2  ...    2   2   2
   2   0   2  ...    2   2   2
   2   2   2  ...    2   2   2
[torch.cuda.LongTensor of size 4x512x512 (GPU 0)]


( 0 ,.,.) = 
   2   2   2  ...    2   2   2
   2   2   2  ...    2   2   2
   2   2   2  ...    2   2   2
     ...       ⋱       ...    
   2   2   2  ...    2   2   2
   2   2   2  ...    2   2   2
   2   2   2  ...    2   2   2

( 1 ,.,.) = 
   6   6   6  ...    2   2   2
   6   6   6  ...    2   2   2
   6   6   6  ...    2   2   2
     ...       ⋱       ...    
   2   2   2  ...    4   4   4
   2   2   2  ...    4   4   4
   2   2   2  ...    4   4   4

( 2 ,.,.) = 
   2   2   2  ...    2   2   2
   2   2   2  ...    2   2   2
   2   2   2  ...    2   2   2
     ...       ⋱       ...    
   2   2   2  ...    2   2   2
   2   2   2  ...    2   2   2
   2   2   2  ...    2   2   2

( 3 ,.,.) = 
   2   2   2  ...    1   1   1
   2   2   2  ...    1   1   1
   2   2   2  ...    1   1   1
     ...       ⋱       ...    
   2   2   2  ...    1   1   1
   2   2   2  ...    1   1   1
   2   2   2  ...    1   1   1
[torch.LongTensor of size 4x512x512]

|Loss: 1.9457149505615234 |Acc: 0.52002 
|Epoch:    3 |Variable containing:
( 0 ,.,.) = 
   2   2   2  ...    2   2   2
   2   2   2  ...    2   2   2
   2   2   2  ...    2   2   2
     ...       ⋱       ...    
   2   2   2  ...    2   2   2
   2   2   2  ...    2   2   2
   2   2   2  ...    2   2   2

( 1 ,.,.) = 
   2   2   2  ...    2   2   2
   2   2   2  ...    2   2   2
   2   2   2  ...    2   2   2
     ...       ⋱       ...    
   2   2   2  ...    2   2   2
   2   2   2  ...    2   2   2
   2   2   2  ...    2   2   2

( 2 ,.,.) = 
   2   2   2  ...    2   2   2
   2   2   2  ...    2   2   2
   2   2   2  ...    2   2   2
     ...       ⋱       ...    
   2   2   2  ...    2   2   2
   2   2   2  ...    2   2   2
   2   2   2  ...    2   2   2

( 3 ,.,.) = 
   2   2   2  ...    2   2   2
   2   2   2  ...    2   2   2
   2   2   2  ...    2   2   2
     ...       ⋱       ...    
   2   2   2  ...    2   2   2
   2   2   2  ...    2   2   2
   2   2   2  ...    2   2   2
[torch.cuda.LongTensor of size 4x512x512 (GPU 0)]


( 0 ,.,.) = 
   2   2   2  ...    2   2   2
   2   2   2  ...    2   2   2
   2   2   2  ...    2   2   2
     ...       ⋱       ...    
   2   2   2  ...    2   2   2
   2   2   2  ...    2   2   2
   2   2   2  ...    2   2   2

( 1 ,.,.) = 
   6   6   6  ...    2   2   2
   6   6   6  ...    2   2   2
   6   6   6  ...    2   2   2
     ...       ⋱       ...    
   2   2   2  ...    4   4   4
   2   2   2  ...    4   4   4
   2   2   2  ...    4   4   4

( 2 ,.,.) = 
   2   2   2  ...    2   2   2
   2   2   2  ...    2   2   2
   2   2   2  ...    2   2   2
     ...       ⋱       ...    
   2   2   2  ...    2   2   2
   2   2   2  ...    2   2   2
   2   2   2  ...    2   2   2

( 3 ,.,.) = 
   2   2   2  ...    1   1   1
   2   2   2  ...    1   1   1
   2   2   2  ...    1   1   1
     ...       ⋱       ...    
   2   2   2  ...    1   1   1
   2   2   2  ...    1   1   1
   2   2   2  ...    1   1   1
[torch.LongTensor of size 4x512x512]

|Loss: 1.9458600282669067 |Acc: 0.63518 
|Epoch:    4 |Variable containing:
( 0 ,.,.) = 
   2   2   2  ...    2   2   2
   2   2   2  ...    2   2   2
   2   2   2  ...    2   2   2
     ...       ⋱       ...    
   2   2   2  ...    2   2   2
   2   2   2  ...    2   2   2
   2   2   2  ...    2   2   2

( 1 ,.,.) = 
   2   2   2  ...    2   2   2
   2   2   2  ...    2   2   2
   2   2   2  ...    2   2   2
     ...       ⋱       ...    
   2   2   2  ...    2   2   2
   2   2   2  ...    2   2   2
   2   2   2  ...    2   2   2

( 2 ,.,.) = 
   2   2   2  ...    2   2   2
   2   2   2  ...    2   2   2
   2   2   2  ...    2   2   2
     ...       ⋱       ...    
   2   2   2  ...    2   2   2
   2   2   2  ...    2   2   2
   2   2   2  ...    2   2   2

( 3 ,.,.) = 
   2   2   2  ...    2   2   2
   2   2   2  ...    2   2   2
   2   2   2  ...    2   2   2
     ...       ⋱       ...    
   2   2   2  ...    2   2   2
   2   2   2  ...    2   2   2
   2   2   2  ...    2   2   2
[torch.cuda.LongTensor of size 4x512x512 (GPU 0)]


( 0 ,.,.) = 
   2   2   2  ...    2   2   2
   2   2   2  ...    2   2   2
   2   2   2  ...    2   2   2
     ...       ⋱       ...    
   2   2   2  ...    2   2   2
   2   2   2  ...    2   2   2
   2   2   2  ...    2   2   2

( 1 ,.,.) = 
   6   6   6  ...    2   2   2
   6   6   6  ...    2   2   2
   6   6   6  ...    2   2   2
     ...       ⋱       ...    
   2   2   2  ...    4   4   4
   2   2   2  ...    4   4   4
   2   2   2  ...    4   4   4

( 2 ,.,.) = 
   2   2   2  ...    2   2   2
   2   2   2  ...    2   2   2
   2   2   2  ...    2   2   2
     ...       ⋱       ...    
   2   2   2  ...    2   2   2
   2   2   2  ...    2   2   2
   2   2   2  ...    2   2   2

( 3 ,.,.) = 
   2   2   2  ...    1   1   1
   2   2   2  ...    1   1   1
   2   2   2  ...    1   1   1
     ...       ⋱       ...    
   2   2   2  ...    1   1   1
   2   2   2  ...    1   1   1
   2   2   2  ...    1   1   1
[torch.LongTensor of size 4x512x512]

|Loss: 1.9454820156097412 |Acc: 0.71797 
|Epoch:    5 |Variable containing:
( 0 ,.,.) = 
   2   2   2  ...    2   2   2
   2   2   2  ...    2   2   2
   2   2   2  ...    2   2   2
     ...       ⋱       ...    
   2   2   2  ...    2   2   2
   2   2   2  ...    2   2   2
   2   2   2  ...    2   2   2

( 1 ,.,.) = 
   2   2   2  ...    2   2   2
   2   2   2  ...    2   2   2
   2   2   2  ...    2   2   2
     ...       ⋱       ...    
   2   2   2  ...    2   2   2
   2   2   2  ...    2   2   2
   2   2   2  ...    2   2   2

( 2 ,.,.) = 
   2   2   2  ...    2   2   2
   2   2   2  ...    2   2   2
   2   2   2  ...    2   2   2
     ...       ⋱       ...    
   2   2   2  ...    2   2   2
   2   2   2  ...    2   2   2
   2   2   2  ...    2   2   2

( 3 ,.,.) = 
   2   2   2  ...    2   2   2
   2   2   2  ...    2   2   2
   2   2   2  ...    2   2   2
     ...       ⋱       ...    
   2   2   2  ...    2   2   2
   2   2   2  ...    2   2   2
   2   2   2  ...    2   2   2
[torch.cuda.LongTensor of size 4x512x512 (GPU 0)]
